Running catapult
 $PROJECT_HOME/temp_dut.c(18): Unsupported synthesis feature 'pointers-to-arrays on the interface' (CIN-70)

iteration  0
Prompt:  Help me rewrite this function to be compatible with HLS: 
#include <stdio.h>
#include <stdlib.h>
#include <stdint.h>

#define Nb 4
#define Nk 4        // The number of 32 bit words in a key.
#define Nr 10       // The number of rounds in AES Cipher.

 #define AES_KEYLEN 16   // Key length in bytes
    #define AES_keyExpSize 176

typedef uint8_t state_t[4][4];
struct AES_ctx
{
  uint8_t RoundKey[AES_keyExpSize];
};// This function adds the round key to state.
// The round key is added to the state by an XOR function.
static void AddRoundKey(uint8_t round, state_t* state, const uint8_t* RoundKey)
{
  uint8_t i,j;
  for (i = 0; i < 4; ++i)
  {
    for (j = 0; j < 4; ++j)
    {
      (*state)[i][j] ^= RoundKey[(round * Nb * 4) + (i * Nb) + j];
    }
  }
}
 The current problem is: $PROJECT_HOME/temp_dut.c(18): Unsupported synthesis feature 'pointers-to-arrays on the interface' (CIN-70)


 also include a main function that tests the code in the same way of the reference code: 
static void phex(uint8_t* str)
{

    uint8_t len = 16;
    unsigned char i;
    for (i = 0; i < len; ++i)
        printf("%.2x", str[i]);
    printf("\n");
}
// This function adds the round key to state.
int main() {
uint8_t rkey[176];
    for (int i = 0; i < 176; i++) {
        rkey[i] = i;
    }

    state_t state = {
        {0xaa, 0xaa, 0xaa, 0xaa},
        {0xaa, 0xaa, 0xaa, 0xaa},
        {0xaa, 0xaa, 0xaa, 0xaa},
        {0xaa, 0xaa, 0xaa, 0xaa}
    };

    AddRoundKey(0, &state, rkey);
    phex((uint8_t*)state);
    AddRoundKey(1, &state, rkey);
    phex((uint8_t*)state);
    AddRoundKey(2, &state, rkey);
    phex((uint8_t*)state);
    AddRoundKey(3, &state, rkey);
    phex((uint8_t*)state);
    return 0;}
```c
#include <stdio.h>
#include <stdint.h>

#define Nb 4
#define Nk 4        
#define Nr 10       

#define AES_KEYLEN 16   
#define AES_keyExpSize 176

typedef uint8_t state_t[4][4];

// Structure for AES context
struct AES_ctx
{
  uint8_t RoundKey[AES_keyExpSize];
};

// AddRoundKey function
void AddRoundKey(uint8_t round, state_t state, const uint8_t* RoundKey)
{
  uint8_t i, j;
  for (i = 0; i < 4; ++i)
  {
    for (j = 0; j < 4; ++j)
    {
      state[i][j] ^= RoundKey[(round * Nb * 4) + (i * Nb) + j];
    }
  }
}

// Function to print hexadecimal string
void phex(const uint8_t* str)
{
  uint8_t len = 16;
  for (int i = 0; i < len; ++i)
  {
    printf("%.2x", str[i]);
  }
  printf("\n");
}

int main()
{
  uint8_t rkey[AES_keyExpSize];
  for (int i = 0; i < AES_keyExpSize; i++)
  {
    rkey[i] = i;
  }

  state_t state = {
      {0xaa, 0xaa, 0xaa, 0xaa},
      {0xaa, 0xaa, 0xaa, 0xaa},
      {0xaa, 0xaa, 0xaa, 0xaa},
      {0xaa, 0xaa, 0xaa, 0xaa}};

  AddRoundKey(0, state, rkey);
  phex((const uint8_t*)state);

  AddRoundKey(1, state, rkey);
  phex((const uint8_t*)state);

  AddRoundKey(2, state, rkey);
  phex((const uint8_t*)state);

  AddRoundKey(3, state, rkey);
  phex((const uint8_t*)state);

  return 0;
}
```
Compiling the code
The code is correct
b'aaaba8a9aeafacada2a3a0a1a6a7a4a5\nbabababababababababababababababa\n9a9b98999e9f9c9d9293909196979495\naaaaaaaaaaaaaaaaaaaaaaaaaaaaaaaa\n'
b'aaaba8a9aeafacada2a3a0a1a6a7a4a5\nbabababababababababababababababa\n9a9b98999e9f9c9d9293909196979495\naaaaaaaaaaaaaaaaaaaaaaaaaaaaaaaa\n'
The code is functionally correct, number of iterations: 1
Running catapult
 $PROJECT_HOME/temp_dut.c(21): Unable to reduce array size for variable 'RoundKey', currently 1024 words (CIN-84)

iteration  0
Prompt:  Help me rewrite this function to be compatible with HLS: 

#include <stdio.h>
#include <stdint.h>

#define Nb 4
#define Nk 4        
#define Nr 10       

#define AES_KEYLEN 16   
#define AES_keyExpSize 176

typedef uint8_t state_t[4][4];

// Structure for AES context
struct AES_ctx
{
  uint8_t RoundKey[AES_keyExpSize];
};

// AddRoundKey function
void AddRoundKey(uint8_t round, state_t state, const uint8_t* RoundKey)
{
  uint8_t i, j;
  for (i = 0; i < 4; ++i)
  {
    for (j = 0; j < 4; ++j)
    {
      state[i][j] ^= RoundKey[(round * Nb * 4) + (i * Nb) + j];
    }
  }
}

// Function to print hexadecimal string
void phex(const uint8_t* str)
{
  uint8_t len = 16;
  for (int i = 0; i < len; ++i)
  {
    printf("%.2x", str[i]);
  }
  printf("\n");
}

int main()
{
  uint8_t rkey[AES_keyExpSize];
  for (int i = 0; i < AES_keyExpSize; i++)
  {
    rkey[i] = i;
  }

  state_t state = {
      {0xaa, 0xaa, 0xaa, 0xaa},
      {0xaa, 0xaa, 0xaa, 0xaa},
      {0xaa, 0xaa, 0xaa, 0xaa},
      {0xaa, 0xaa, 0xaa, 0xaa}};

  AddRoundKey(0, state, rkey);
  phex((const uint8_t*)state);

  AddRoundKey(1, state, rkey);
  phex((const uint8_t*)state);

  AddRoundKey(2, state, rkey);
  phex((const uint8_t*)state);

  AddRoundKey(3, state, rkey);
  phex((const uint8_t*)state);

  return 0;
}

 The current problem is: $PROJECT_HOME/temp_dut.c(21): Unable to reduce array size for variable 'RoundKey', currently 1024 words (CIN-84)

```c
#include <stdio.h>
#include <stdint.h>

#define Nb 4
#define Nk 4        
#define Nr 10       

#define AES_KEYLEN 16   
#define AES_keyExpSize 176

typedef uint8_t state_t[4][4];

// Structure for AES context
struct AES_ctx
{
  uint8_t RoundKey[AES_keyExpSize];
};

// AddRoundKey function
void AddRoundKey(uint8_t round, state_t state, const struct AES_ctx* ctx)
{
  uint8_t i, j;
  for (i = 0; i < 4; ++i)
  {
    for (j = 0; j < 4; ++j)
    {
      state[i][j] ^= ctx->RoundKey[(round * Nb * 4) + (i * Nb) + j];
    }
  }
}

// Function to print hexadecimal string
void phex(const uint8_t* str)
{
  uint8_t len = 16;
  for (int i = 0; i < len; ++i)
  {
    printf("%.2x", str[i]);
  }
  printf("\n");
}

int main()
{
  struct AES_ctx ctx;
  for (int i = 0; i < AES_keyExpSize; i++)
  {
    ctx.RoundKey[i] = i;
  }

  state_t state = {
      {0xaa, 0xaa, 0xaa, 0xaa},
      {0xaa, 0xaa, 0xaa, 0xaa},
      {0xaa, 0xaa, 0xaa, 0xaa},
      {0xaa, 0xaa, 0xaa, 0xaa}};

  AddRoundKey(0, state, &ctx);
  phex((const uint8_t*)state);

  AddRoundKey(1, state, &ctx);
  phex((const uint8_t*)state);

  AddRoundKey(2, state, &ctx);
  phex((const uint8_t*)state);

  AddRoundKey(3, state, &ctx);
  phex((const uint8_t*)state);

  return 0;
}
```  
Compiling the code
The code is correct
b'aaaba8a9aeafacada2a3a0a1a6a7a4a5\nbabababababababababababababababa\n9a9b98999e9f9c9d9293909196979495\naaaaaaaaaaaaaaaaaaaaaaaaaaaaaaaa\n'
b'aaaba8a9aeafacada2a3a0a1a6a7a4a5\nbabababababababababababababababa\n9a9b98999e9f9c9d9293909196979495\naaaaaaaaaaaaaaaaaaaaaaaaaaaaaaaa\n'
The code is functionally correct, number of iterations: 1
Running catapult
The code is correct
The code is correct, number of gpt runs:  2
Running catapult
 $PROJECT_HOME/temp_dut.c(18): Unsupported synthesis feature 'pointers-to-arrays on the interface' (CIN-70)

iteration  0
Prompt:  Help me rewrite this function to be compatible with HLS: 
#include <stdio.h>
#include <stdlib.h>
#include <stdint.h>

#define Nb 4
#define Nk 4        // The number of 32 bit words in a key.
#define Nr 10       // The number of rounds in AES Cipher.

 #define AES_KEYLEN 16   // Key length in bytes
    #define AES_keyExpSize 176

typedef uint8_t state_t[4][4];
struct AES_ctx
{
  uint8_t RoundKey[AES_keyExpSize];
};// This function adds the round key to state.
// The round key is added to the state by an XOR function.
static void AddRoundKey(uint8_t round, state_t* state, const uint8_t* RoundKey)
{
  uint8_t i,j;
  for (i = 0; i < 4; ++i)
  {
    for (j = 0; j < 4; ++j)
    {
      (*state)[i][j] ^= RoundKey[(round * Nb * 4) + (i * Nb) + j];
    }
  }
}
 The current problem is: $PROJECT_HOME/temp_dut.c(18): Unsupported synthesis feature 'pointers-to-arrays on the interface' (CIN-70)


 also include a main function that tests the code in the same way of the reference code: 
static void phex(uint8_t* str)
{

    uint8_t len = 16;
    unsigned char i;
    for (i = 0; i < len; ++i)
        printf("%.2x", str[i]);
    printf("\n");
}
// This function adds the round key to state.
int main() {
uint8_t rkey[176];
    for (int i = 0; i < 176; i++) {
        rkey[i] = i;
    }

    state_t state = {
        {0xaa, 0xaa, 0xaa, 0xaa},
        {0xaa, 0xaa, 0xaa, 0xaa},
        {0xaa, 0xaa, 0xaa, 0xaa},
        {0xaa, 0xaa, 0xaa, 0xaa}
    };

    AddRoundKey(0, &state, rkey);
    phex((uint8_t*)state);
    AddRoundKey(1, &state, rkey);
    phex((uint8_t*)state);
    AddRoundKey(2, &state, rkey);
    phex((uint8_t*)state);
    AddRoundKey(3, &state, rkey);
    phex((uint8_t*)state);
    return 0;}
```c
#include <stdio.h>
#include <stdlib.h>
#include <stdint.h>

#define Nb 4
#define Nk 4        // The number of 32 bit words in a key.
#define Nr 10       // The number of rounds in AES Cipher.

#define AES_KEYLEN 16   // Key length in bytes
#define AES_keyExpSize 176

typedef uint8_t state_t[4][4];
struct AES_ctx
{
    uint8_t RoundKey[AES_keyExpSize];
};

// This function adds the round key to state.
static void AddRoundKey(uint8_t round, state_t state, const uint8_t* RoundKey)
{
    uint8_t i, j;
    for (i = 0; i < 4; ++i)
    {
        for (j = 0; j < 4; ++j)
        {
            state[i][j] ^= RoundKey[(round * Nb * 4) + (i * Nb) + j];
        }
    }
}

void phex(uint8_t* str)
{
    uint8_t len = 16;
    unsigned char i;
    for (i = 0; i < len; ++i)
        printf("%.2x", str[i]);
    printf("\n");
}

int main()
{
    uint8_t rkey[176];
    for (int i = 0; i < 176; i++)
    {
        rkey[i] = i;
    }

    state_t state = {
        {0xaa, 0xaa, 0xaa, 0xaa},
        {0xaa, 0xaa, 0xaa, 0xaa},
        {0xaa, 0xaa, 0xaa, 0xaa},
        {0xaa, 0xaa, 0xaa, 0xaa}
    };

    AddRoundKey(0, state, rkey);
    phex((uint8_t*)state);
    AddRoundKey(1, state, rkey);
    phex((uint8_t*)state);
    AddRoundKey(2, state, rkey);
    phex((uint8_t*)state);
    AddRoundKey(3, state, rkey);
    phex((uint8_t*)state);

    return 0;
}
```
Compiling the code
The code is correct
b'aaaba8a9aeafacada2a3a0a1a6a7a4a5\nbabababababababababababababababa\n9a9b98999e9f9c9d9293909196979495\naaaaaaaaaaaaaaaaaaaaaaaaaaaaaaaa\n'
b'aaaba8a9aeafacada2a3a0a1a6a7a4a5\nbabababababababababababababababa\n9a9b98999e9f9c9d9293909196979495\naaaaaaaaaaaaaaaaaaaaaaaaaaaaaaaa\n'
The code is functionally correct, number of iterations: 1
Running catapult
 $PROJECT_HOME/temp_dut.c(20): Unable to reduce array size for variable 'RoundKey', currently 1024 words (CIN-84)

iteration  0
Prompt:  Help me rewrite this function to be compatible with HLS: 

#include <stdio.h>
#include <stdlib.h>
#include <stdint.h>

#define Nb 4
#define Nk 4        // The number of 32 bit words in a key.
#define Nr 10       // The number of rounds in AES Cipher.

#define AES_KEYLEN 16   // Key length in bytes
#define AES_keyExpSize 176

typedef uint8_t state_t[4][4];
struct AES_ctx
{
    uint8_t RoundKey[AES_keyExpSize];
};

// This function adds the round key to state.
static void AddRoundKey(uint8_t round, state_t state, const uint8_t* RoundKey)
{
    uint8_t i, j;
    for (i = 0; i < 4; ++i)
    {
        for (j = 0; j < 4; ++j)
        {
            state[i][j] ^= RoundKey[(round * Nb * 4) + (i * Nb) + j];
        }
    }
}

void phex(uint8_t* str)
{
    uint8_t len = 16;
    unsigned char i;
    for (i = 0; i < len; ++i)
        printf("%.2x", str[i]);
    printf("\n");
}

int main()
{
    uint8_t rkey[176];
    for (int i = 0; i < 176; i++)
    {
        rkey[i] = i;
    }

    state_t state = {
        {0xaa, 0xaa, 0xaa, 0xaa},
        {0xaa, 0xaa, 0xaa, 0xaa},
        {0xaa, 0xaa, 0xaa, 0xaa},
        {0xaa, 0xaa, 0xaa, 0xaa}
    };

    AddRoundKey(0, state, rkey);
    phex((uint8_t*)state);
    AddRoundKey(1, state, rkey);
    phex((uint8_t*)state);
    AddRoundKey(2, state, rkey);
    phex((uint8_t*)state);
    AddRoundKey(3, state, rkey);
    phex((uint8_t*)state);

    return 0;
}

 The current problem is: $PROJECT_HOME/temp_dut.c(20): Unable to reduce array size for variable 'RoundKey', currently 1024 words (CIN-84)

```c
#include <stdio.h>
#include <stdlib.h>
#include <stdint.h>

#define Nb 4
#define Nk 4        // The number of 32 bit words in a key.
#define Nr 10       // The number of rounds in AES Cipher.

#define AES_KEYLEN 16   // Key length in bytes
#define AES_keyExpSize 176

typedef uint8_t state_t[4][4];
struct AES_ctx
{
    uint8_t RoundKey[AES_keyExpSize];
};

// This function adds the round key to state.
static void AddRoundKey(uint8_t round, state_t state, const uint8_t* RoundKey)
{
    uint8_t i, j;
    for (i = 0; i < 4; ++i)
    {
        for (j = 0; j < 4; ++j)
        {
            state[i][j] ^= RoundKey[(round * Nb * 4) + (i * Nb) + j];
        }
    }
}

void phex(uint8_t* str)
{
    uint8_t len = 16;
    unsigned char i;
    for (i = 0; i < len; ++i)
        printf("%.2x", str[i]);
    printf("\n");
}

int main()
{
    uint8_t rkey[AES_keyExpSize];
    for (int i = 0; i < AES_keyExpSize; i++)
    {
        rkey[i] = i;
    }

    state_t state = {
        {0xaa, 0xaa, 0xaa, 0xaa},
        {0xaa, 0xaa, 0xaa, 0xaa},
        {0xaa, 0xaa, 0xaa, 0xaa},
        {0xaa, 0xaa, 0xaa, 0xaa}
    };

    AddRoundKey(0, state, rkey);
    phex((uint8_t*)state);
    AddRoundKey(1, state, rkey);
    phex((uint8_t*)state);
    AddRoundKey(2, state, rkey);
    phex((uint8_t*)state);
    AddRoundKey(3, state, rkey);
    phex((uint8_t*)state);

    return 0;
}
```  
Compiling the code
The code is correct
b'aaaba8a9aeafacada2a3a0a1a6a7a4a5\nbabababababababababababababababa\n9a9b98999e9f9c9d9293909196979495\naaaaaaaaaaaaaaaaaaaaaaaaaaaaaaaa\n'
b'aaaba8a9aeafacada2a3a0a1a6a7a4a5\nbabababababababababababababababa\n9a9b98999e9f9c9d9293909196979495\naaaaaaaaaaaaaaaaaaaaaaaaaaaaaaaa\n'
The code is functionally correct, number of iterations: 1
Running catapult
 $PROJECT_HOME/temp_dut.c(20): Unable to reduce array size for variable 'RoundKey', currently 1024 words (CIN-84)

iteration  0
Prompt:  Help me rewrite this function to be compatible with HLS: 

#include <stdio.h>
#include <stdlib.h>
#include <stdint.h>

#define Nb 4
#define Nk 4        // The number of 32 bit words in a key.
#define Nr 10       // The number of rounds in AES Cipher.

#define AES_KEYLEN 16   // Key length in bytes
#define AES_keyExpSize 176

typedef uint8_t state_t[4][4];
struct AES_ctx
{
    uint8_t RoundKey[AES_keyExpSize];
};

// This function adds the round key to state.
static void AddRoundKey(uint8_t round, state_t state, const uint8_t* RoundKey)
{
    uint8_t i, j;
    for (i = 0; i < 4; ++i)
    {
        for (j = 0; j < 4; ++j)
        {
            state[i][j] ^= RoundKey[(round * Nb * 4) + (i * Nb) + j];
        }
    }
}

void phex(uint8_t* str)
{
    uint8_t len = 16;
    unsigned char i;
    for (i = 0; i < len; ++i)
        printf("%.2x", str[i]);
    printf("\n");
}

int main()
{
    uint8_t rkey[AES_keyExpSize];
    for (int i = 0; i < AES_keyExpSize; i++)
    {
        rkey[i] = i;
    }

    state_t state = {
        {0xaa, 0xaa, 0xaa, 0xaa},
        {0xaa, 0xaa, 0xaa, 0xaa},
        {0xaa, 0xaa, 0xaa, 0xaa},
        {0xaa, 0xaa, 0xaa, 0xaa}
    };

    AddRoundKey(0, state, rkey);
    phex((uint8_t*)state);
    AddRoundKey(1, state, rkey);
    phex((uint8_t*)state);
    AddRoundKey(2, state, rkey);
    phex((uint8_t*)state);
    AddRoundKey(3, state, rkey);
    phex((uint8_t*)state);

    return 0;
}

 The current problem is: $PROJECT_HOME/temp_dut.c(20): Unable to reduce array size for variable 'RoundKey', currently 1024 words (CIN-84)

Here is the rewritten function to be compatible with HLS:

```c
#include <stdio.h>
#include <stdlib.h>
#include <stdint.h>

#define Nb 4
#define Nk 4        // The number of 32 bit words in a key.
#define Nr 10       // The number of rounds in AES Cipher.

#define AES_KEYLEN 16   // Key length in bytes
#define AES_keyExpSize 176

typedef uint8_t state_t[4][4];

// This function adds the round key to state.
void AddRoundKey(uint8_t round, state_t state, const uint8_t* RoundKey)
{
    uint8_t i, j;
    for (i = 0; i < 4; ++i)
    {
        for (j = 0; j < 4; ++j)
        {
            state[i][j] ^= RoundKey[(round * Nb * 4) + (i * Nb) + j];
        }
    }
}

void phex(uint8_t* str)
{
    uint8_t len = 16;
    unsigned char i;
    for (i = 0; i < len; ++i)
        printf("%.2x", str[i]);
    printf("\n");
}

int main()
{
    uint8_t rkey[AES_keyExpSize];
    for (int i = 0; i < AES_keyExpSize; i++)
    {
        rkey[i] = i;
    }

    state_t state = {
        {0xaa, 0xaa, 0xaa, 0xaa},
        {0xaa, 0xaa, 0xaa, 0xaa},
        {0xaa, 0xaa, 0xaa, 0xaa},
        {0xaa, 0xaa, 0xaa, 0xaa}
    };

    AddRoundKey(0, state, rkey);
    phex((uint8_t*)state);
    AddRoundKey(1, state, rkey);
    phex((uint8_t*)state);
    AddRoundKey(2, state, rkey);
    phex((uint8_t*)state);
    AddRoundKey(3, state, rkey);
    phex((uint8_t*)state);

    return 0;
}
```
Compiling the code
The code is correct
b'aaaba8a9aeafacada2a3a0a1a6a7a4a5\nbabababababababababababababababa\n9a9b98999e9f9c9d9293909196979495\naaaaaaaaaaaaaaaaaaaaaaaaaaaaaaaa\n'
b'aaaba8a9aeafacada2a3a0a1a6a7a4a5\nbabababababababababababababababa\n9a9b98999e9f9c9d9293909196979495\naaaaaaaaaaaaaaaaaaaaaaaaaaaaaaaa\n'
The code is functionally correct, number of iterations: 1
Running catapult
 $PROJECT_HOME/temp_dut.c(16): Unable to reduce array size for variable 'RoundKey', currently 1024 words (CIN-84)

iteration  0
Prompt:  Help me rewrite this function to be compatible with HLS: 

#include <stdio.h>
#include <stdlib.h>
#include <stdint.h>

#define Nb 4
#define Nk 4        // The number of 32 bit words in a key.
#define Nr 10       // The number of rounds in AES Cipher.

#define AES_KEYLEN 16   // Key length in bytes
#define AES_keyExpSize 176

typedef uint8_t state_t[4][4];

// This function adds the round key to state.
void AddRoundKey(uint8_t round, state_t state, const uint8_t* RoundKey)
{
    uint8_t i, j;
    for (i = 0; i < 4; ++i)
    {
        for (j = 0; j < 4; ++j)
        {
            state[i][j] ^= RoundKey[(round * Nb * 4) + (i * Nb) + j];
        }
    }
}

void phex(uint8_t* str)
{
    uint8_t len = 16;
    unsigned char i;
    for (i = 0; i < len; ++i)
        printf("%.2x", str[i]);
    printf("\n");
}

int main()
{
    uint8_t rkey[AES_keyExpSize];
    for (int i = 0; i < AES_keyExpSize; i++)
    {
        rkey[i] = i;
    }

    state_t state = {
        {0xaa, 0xaa, 0xaa, 0xaa},
        {0xaa, 0xaa, 0xaa, 0xaa},
        {0xaa, 0xaa, 0xaa, 0xaa},
        {0xaa, 0xaa, 0xaa, 0xaa}
    };

    AddRoundKey(0, state, rkey);
    phex((uint8_t*)state);
    AddRoundKey(1, state, rkey);
    phex((uint8_t*)state);
    AddRoundKey(2, state, rkey);
    phex((uint8_t*)state);
    AddRoundKey(3, state, rkey);
    phex((uint8_t*)state);

    return 0;
}

 The current problem is: $PROJECT_HOME/temp_dut.c(16): Unable to reduce array size for variable 'RoundKey', currently 1024 words (CIN-84)

```c
#include <stdio.h>
#include <stdlib.h>
#include <stdint.h>

#define Nb 4
#define Nk 4
#define Nr 10

#define AES_KEYLEN 16
#define AES_keyExpSize 176

typedef uint8_t state_t[4][4];

void AddRoundKey(uint8_t round, state_t state, const uint8_t* RoundKey)
{
    uint8_t i, j;
    for (i = 0; i < 4; ++i)
    {
        for (j = 0; j < 4; ++j)
        {
#pragma HLS unroll
            state[i][j] ^= RoundKey[(round * Nb * 4) + (i * Nb) + j];
        }
    }
}

void phex(uint8_t* str)
{
    uint8_t len = 16;
    unsigned char i;
    for (i = 0; i < len; ++i)
        printf("%.2x", str[i]);
    printf("\n");
}

int main()
{
    uint8_t rkey[AES_keyExpSize];
    for (int i = 0; i < AES_keyExpSize; i++)
    {
        rkey[i] = i;
    }

    state_t state = {
        {0xaa, 0xaa, 0xaa, 0xaa},
        {0xaa, 0xaa, 0xaa, 0xaa},
        {0xaa, 0xaa, 0xaa, 0xaa},
        {0xaa, 0xaa, 0xaa, 0xaa}
    };

    AddRoundKey(0, state, rkey);
    phex((uint8_t*)state);
    AddRoundKey(1, state, rkey);
    phex((uint8_t*)state);
    AddRoundKey(2, state, rkey);
    phex((uint8_t*)state);
    AddRoundKey(3, state, rkey);
    phex((uint8_t*)state);

    return 0;
}
```  
Compiling the code
The code is correct
b'aaaba8a9aeafacada2a3a0a1a6a7a4a5\nbabababababababababababababababa\n9a9b98999e9f9c9d9293909196979495\naaaaaaaaaaaaaaaaaaaaaaaaaaaaaaaa\n'
b'aaaba8a9aeafacada2a3a0a1a6a7a4a5\nbabababababababababababababababa\n9a9b98999e9f9c9d9293909196979495\naaaaaaaaaaaaaaaaaaaaaaaaaaaaaaaa\n'
The code is functionally correct, number of iterations: 1
Running catapult
 $PROJECT_HOME/temp_dut.c(15): Unable to reduce array size for variable 'RoundKey', currently 1024 words (CIN-84)

iteration  0
Prompt:  Help me rewrite this function to be compatible with HLS: 

#include <stdio.h>
#include <stdlib.h>
#include <stdint.h>

#define Nb 4
#define Nk 4
#define Nr 10

#define AES_KEYLEN 16
#define AES_keyExpSize 176

typedef uint8_t state_t[4][4];

void AddRoundKey(uint8_t round, state_t state, const uint8_t* RoundKey)
{
    uint8_t i, j;
    for (i = 0; i < 4; ++i)
    {
        for (j = 0; j < 4; ++j)
        {
#pragma HLS unroll
            state[i][j] ^= RoundKey[(round * Nb * 4) + (i * Nb) + j];
        }
    }
}

void phex(uint8_t* str)
{
    uint8_t len = 16;
    unsigned char i;
    for (i = 0; i < len; ++i)
        printf("%.2x", str[i]);
    printf("\n");
}

int main()
{
    uint8_t rkey[AES_keyExpSize];
    for (int i = 0; i < AES_keyExpSize; i++)
    {
        rkey[i] = i;
    }

    state_t state = {
        {0xaa, 0xaa, 0xaa, 0xaa},
        {0xaa, 0xaa, 0xaa, 0xaa},
        {0xaa, 0xaa, 0xaa, 0xaa},
        {0xaa, 0xaa, 0xaa, 0xaa}
    };

    AddRoundKey(0, state, rkey);
    phex((uint8_t*)state);
    AddRoundKey(1, state, rkey);
    phex((uint8_t*)state);
    AddRoundKey(2, state, rkey);
    phex((uint8_t*)state);
    AddRoundKey(3, state, rkey);
    phex((uint8_t*)state);

    return 0;
}

 The current problem is: $PROJECT_HOME/temp_dut.c(15): Unable to reduce array size for variable 'RoundKey', currently 1024 words (CIN-84)

```c
#include <stdio.h>
#include <stdlib.h>
#include <stdint.h>

#define Nb 4
#define Nk 4
#define Nr 10

#define AES_KEYLEN 16
#define AES_keyExpSize 176

typedef uint8_t state_t[4][4];

void AddRoundKey(uint8_t round, state_t state, const uint8_t* RoundKey)
{
    uint8_t i, j;
    for (i = 0; i < 4; ++i)
    {
        for (j = 0; j < 4; ++j)
        {
#pragma HLS unroll
            state[i][j] ^= RoundKey[(round * Nb * 4) + (i * Nb) + j];
        }
    }
}

void phex(const uint8_t* str)
{
    uint8_t len = 16;
    unsigned char i;
    for (i = 0; i < len; ++i)
        printf("%.2x", str[i]);
    printf("\n");
}

int main()
{
    uint8_t rkey[AES_keyExpSize];
    for (int i = 0; i < AES_keyExpSize; i++)
    {
        rkey[i] = i;
    }

    state_t state = {
        {0xaa, 0xaa, 0xaa, 0xaa},
        {0xaa, 0xaa, 0xaa, 0xaa},
        {0xaa, 0xaa, 0xaa, 0xaa},
        {0xaa, 0xaa, 0xaa, 0xaa}
    };

    AddRoundKey(0, state, rkey);
    phex((const uint8_t*)state);
    AddRoundKey(1, state, rkey);
    phex((const uint8_t*)state);
    AddRoundKey(2, state, rkey);
    phex((const uint8_t*)state);
    AddRoundKey(3, state, rkey);
    phex((const uint8_t*)state);

    return 0;
}
```
Compiling the code
The code is correct
b'aaaba8a9aeafacada2a3a0a1a6a7a4a5\nbabababababababababababababababa\n9a9b98999e9f9c9d9293909196979495\naaaaaaaaaaaaaaaaaaaaaaaaaaaaaaaa\n'
b'aaaba8a9aeafacada2a3a0a1a6a7a4a5\nbabababababababababababababababa\n9a9b98999e9f9c9d9293909196979495\naaaaaaaaaaaaaaaaaaaaaaaaaaaaaaaa\n'
The code is functionally correct, number of iterations: 1
Running catapult
 $PROJECT_HOME/temp_dut.c(15): Unable to reduce array size for variable 'RoundKey', currently 1024 words (CIN-84)

iteration  0
Prompt:  Help me rewrite this function to be compatible with HLS: 

#include <stdio.h>
#include <stdlib.h>
#include <stdint.h>

#define Nb 4
#define Nk 4
#define Nr 10

#define AES_KEYLEN 16
#define AES_keyExpSize 176

typedef uint8_t state_t[4][4];

void AddRoundKey(uint8_t round, state_t state, const uint8_t* RoundKey)
{
    uint8_t i, j;
    for (i = 0; i < 4; ++i)
    {
        for (j = 0; j < 4; ++j)
        {
#pragma HLS unroll
            state[i][j] ^= RoundKey[(round * Nb * 4) + (i * Nb) + j];
        }
    }
}

void phex(const uint8_t* str)
{
    uint8_t len = 16;
    unsigned char i;
    for (i = 0; i < len; ++i)
        printf("%.2x", str[i]);
    printf("\n");
}

int main()
{
    uint8_t rkey[AES_keyExpSize];
    for (int i = 0; i < AES_keyExpSize; i++)
    {
        rkey[i] = i;
    }

    state_t state = {
        {0xaa, 0xaa, 0xaa, 0xaa},
        {0xaa, 0xaa, 0xaa, 0xaa},
        {0xaa, 0xaa, 0xaa, 0xaa},
        {0xaa, 0xaa, 0xaa, 0xaa}
    };

    AddRoundKey(0, state, rkey);
    phex((const uint8_t*)state);
    AddRoundKey(1, state, rkey);
    phex((const uint8_t*)state);
    AddRoundKey(2, state, rkey);
    phex((const uint8_t*)state);
    AddRoundKey(3, state, rkey);
    phex((const uint8_t*)state);

    return 0;
}

 The current problem is: $PROJECT_HOME/temp_dut.c(15): Unable to reduce array size for variable 'RoundKey', currently 1024 words (CIN-84)

```c
#include <stdio.h>
#include <stdint.h>

#define Nb 4
#define Nk 4
#define Nr 10

#define AES_KEYLEN 16
#define AES_keyExpSize 176

typedef uint8_t state_t[4][4];

void AddRoundKey(uint8_t round, state_t state, const uint8_t* RoundKey);

void phex(const uint8_t* str);

int main()
{
    uint8_t rkey[AES_keyExpSize];
    for (int i = 0; i < AES_keyExpSize; i++)
    {
        rkey[i] = i;
    }

    state_t state = {
        {0xaa, 0xaa, 0xaa, 0xaa},
        {0xaa, 0xaa, 0xaa, 0xaa},
        {0xaa, 0xaa, 0xaa, 0xaa},
        {0xaa, 0xaa, 0xaa, 0xaa}
    };

    AddRoundKey(0, state, rkey);
    phex((const uint8_t*)state);
    AddRoundKey(1, state, rkey);
    phex((const uint8_t*)state);
    AddRoundKey(2, state, rkey);
    phex((const uint8_t*)state);
    AddRoundKey(3, state, rkey);
    phex((const uint8_t*)state);

    return 0;
}

void AddRoundKey(uint8_t round, state_t state, const uint8_t* RoundKey)
{
    for (int i = 0; i < 4; ++i)
    {
#pragma HLS unroll
        for (int j = 0; j < 4; ++j)
        {
#pragma HLS unroll
            state[i][j] ^= RoundKey[(round * Nb * 4) + (i * Nb) + j];
        }
    }
}

void phex(const uint8_t* str)
{
    for (int i = 0; i < 16; ++i)
        printf("%.2x", str[i]);
    printf("\n");
}
```  
Compiling the code
The code is correct
b'aaaba8a9aeafacada2a3a0a1a6a7a4a5\nbabababababababababababababababa\n9a9b98999e9f9c9d9293909196979495\naaaaaaaaaaaaaaaaaaaaaaaaaaaaaaaa\n'
b'aaaba8a9aeafacada2a3a0a1a6a7a4a5\nbabababababababababababababababa\n9a9b98999e9f9c9d9293909196979495\naaaaaaaaaaaaaaaaaaaaaaaaaaaaaaaa\n'
The code is functionally correct, number of iterations: 1
Running catapult
 $PROJECT_HOME/temp_dut.c(45): Unable to reduce array size for variable 'RoundKey', currently 1024 words (CIN-84)

iteration  0
Prompt:  Help me rewrite this function to be compatible with HLS: 

#include <stdio.h>
#include <stdint.h>

#define Nb 4
#define Nk 4
#define Nr 10

#define AES_KEYLEN 16
#define AES_keyExpSize 176

typedef uint8_t state_t[4][4];

void AddRoundKey(uint8_t round, state_t state, const uint8_t* RoundKey);

void phex(const uint8_t* str);

int main()
{
    uint8_t rkey[AES_keyExpSize];
    for (int i = 0; i < AES_keyExpSize; i++)
    {
        rkey[i] = i;
    }

    state_t state = {
        {0xaa, 0xaa, 0xaa, 0xaa},
        {0xaa, 0xaa, 0xaa, 0xaa},
        {0xaa, 0xaa, 0xaa, 0xaa},
        {0xaa, 0xaa, 0xaa, 0xaa}
    };

    AddRoundKey(0, state, rkey);
    phex((const uint8_t*)state);
    AddRoundKey(1, state, rkey);
    phex((const uint8_t*)state);
    AddRoundKey(2, state, rkey);
    phex((const uint8_t*)state);
    AddRoundKey(3, state, rkey);
    phex((const uint8_t*)state);

    return 0;
}

void AddRoundKey(uint8_t round, state_t state, const uint8_t* RoundKey)
{
    for (int i = 0; i < 4; ++i)
    {
#pragma HLS unroll
        for (int j = 0; j < 4; ++j)
        {
#pragma HLS unroll
            state[i][j] ^= RoundKey[(round * Nb * 4) + (i * Nb) + j];
        }
    }
}

void phex(const uint8_t* str)
{
    for (int i = 0; i < 16; ++i)
        printf("%.2x", str[i]);
    printf("\n");
}

 The current problem is: $PROJECT_HOME/temp_dut.c(45): Unable to reduce array size for variable 'RoundKey', currently 1024 words (CIN-84)

Here is the revised code snippet compatible with HLS:

```c
#include <stdio.h>
#include <stdint.h>

#define Nb 4
#define Nk 4
#define Nr 10

#define AES_KEYLEN 16
#define AES_keyExpSize 176

typedef uint8_t state_t[4][4];

void AddRoundKey(uint8_t round, uint8_t state[4][4], const uint8_t* RoundKey);

void phex(const uint8_t* str);

int main()
{
    uint8_t rkey[AES_keyExpSize];
    for (int i = 0; i < AES_keyExpSize; i++)
    {
        rkey[i] = i;
    }

    uint8_t state[4][4] = {
        {0xaa, 0xaa, 0xaa, 0xaa},
        {0xaa, 0xaa, 0xaa, 0xaa},
        {0xaa, 0xaa, 0xaa, 0xaa},
        {0xaa, 0xaa, 0xaa, 0xaa}
    };

    AddRoundKey(0, state, rkey);
    phex((const uint8_t*)state);
    AddRoundKey(1, state, rkey);
    phex((const uint8_t*)state);
    AddRoundKey(2, state, rkey);
    phex((const uint8_t*)state);
    AddRoundKey(3, state, rkey);
    phex((const uint8_t*)state);

    return 0;
}

void AddRoundKey(uint8_t round, uint8_t state[4][4], const uint8_t* RoundKey)
{
    for (int i = 0; i < 4; ++i)
    {
#pragma HLS unroll
        for (int j = 0; j < 4; ++j)
        {
#pragma HLS unroll
            state[i][j] ^= RoundKey[(round * Nb * 4) + (i * Nb) + j];
        }
    }
}

void phex(const uint8_t* str)
{
    for (int i = 0; i < 16; ++i)
        printf("%.2x", str[i]);
    printf("\n");
}
```

This revised code should no longer contain syntax that HLS tools will flag for reducing the array size since it has been altered to comply with HLS constraints.
Compiling the code
The code is correct
b'aaaba8a9aeafacada2a3a0a1a6a7a4a5\nbabababababababababababababababa\n9a9b98999e9f9c9d9293909196979495\naaaaaaaaaaaaaaaaaaaaaaaaaaaaaaaa\n'
b'aaaba8a9aeafacada2a3a0a1a6a7a4a5\nbabababababababababababababababa\n9a9b98999e9f9c9d9293909196979495\naaaaaaaaaaaaaaaaaaaaaaaaaaaaaaaa\n'
The code is functionally correct, number of iterations: 1
Running catapult
 $PROJECT_HOME/temp_dut.c(45): Unable to reduce array size for variable 'RoundKey', currently 1024 words (CIN-84)

iteration  0
Prompt:  Help me rewrite this function to be compatible with HLS: 

#include <stdio.h>
#include <stdint.h>

#define Nb 4
#define Nk 4
#define Nr 10

#define AES_KEYLEN 16
#define AES_keyExpSize 176

typedef uint8_t state_t[4][4];

void AddRoundKey(uint8_t round, uint8_t state[4][4], const uint8_t* RoundKey);

void phex(const uint8_t* str);

int main()
{
    uint8_t rkey[AES_keyExpSize];
    for (int i = 0; i < AES_keyExpSize; i++)
    {
        rkey[i] = i;
    }

    uint8_t state[4][4] = {
        {0xaa, 0xaa, 0xaa, 0xaa},
        {0xaa, 0xaa, 0xaa, 0xaa},
        {0xaa, 0xaa, 0xaa, 0xaa},
        {0xaa, 0xaa, 0xaa, 0xaa}
    };

    AddRoundKey(0, state, rkey);
    phex((const uint8_t*)state);
    AddRoundKey(1, state, rkey);
    phex((const uint8_t*)state);
    AddRoundKey(2, state, rkey);
    phex((const uint8_t*)state);
    AddRoundKey(3, state, rkey);
    phex((const uint8_t*)state);

    return 0;
}

void AddRoundKey(uint8_t round, uint8_t state[4][4], const uint8_t* RoundKey)
{
    for (int i = 0; i < 4; ++i)
    {
#pragma HLS unroll
        for (int j = 0; j < 4; ++j)
        {
#pragma HLS unroll
            state[i][j] ^= RoundKey[(round * Nb * 4) + (i * Nb) + j];
        }
    }
}

void phex(const uint8_t* str)
{
    for (int i = 0; i < 16; ++i)
        printf("%.2x", str[i]);
    printf("\n");
}

 The current problem is: $PROJECT_HOME/temp_dut.c(45): Unable to reduce array size for variable 'RoundKey', currently 1024 words (CIN-84)

```c
#include <stdio.h>
#include <stdint.h>

#define Nb 4
#define Nk 4
#define Nr 10

#define AES_KEYLEN 16
#define AES_keyExpSize 176

typedef uint8_t state_t[4][4];

void AddRoundKey(uint8_t round, state_t state, const uint8_t* RoundKey);

void phex(const uint8_t* str);

int main()
{
    uint8_t rkey[AES_keyExpSize];
    for (int i = 0; i < AES_keyExpSize; i++)
    {
        rkey[i] = i;
    }

    state_t state = {
        {0xaa, 0xaa, 0xaa, 0xaa},
        {0xaa, 0xaa, 0xaa, 0xaa},
        {0xaa, 0xaa, 0xaa, 0xaa},
        {0xaa, 0xaa, 0xaa, 0xaa}
    };

    AddRoundKey(0, state, rkey);
    phex((const uint8_t*)state);
    AddRoundKey(1, state, rkey);
    phex((const uint8_t*)state);
    AddRoundKey(2, state, rkey);
    phex((const uint8_t*)state);
    AddRoundKey(3, state, rkey);
    phex((const uint8_t*)state);

    return 0;
}

void AddRoundKey(uint8_t round, state_t state, const uint8_t* RoundKey)
{
    for (int i = 0; i < 4; ++i)
    {
#pragma HLS unroll
        for (int j = 0; j < 4; ++j)
        {
#pragma HLS unroll
            state[i][j] ^= RoundKey[(round * Nb * 4) + (i * Nb) + j];
        }
    }
}

void phex(const uint8_t* str)
{
    for (int i = 0; i < 16; ++i)
        printf("%.2x", str[i]);
    printf("\n");
}
```
Compiling the code
The code is correct
b'aaaba8a9aeafacada2a3a0a1a6a7a4a5\nbabababababababababababababababa\n9a9b98999e9f9c9d9293909196979495\naaaaaaaaaaaaaaaaaaaaaaaaaaaaaaaa\n'
b'aaaba8a9aeafacada2a3a0a1a6a7a4a5\nbabababababababababababababababa\n9a9b98999e9f9c9d9293909196979495\naaaaaaaaaaaaaaaaaaaaaaaaaaaaaaaa\n'
The code is functionally correct, number of iterations: 1
Running catapult
 $PROJECT_HOME/temp_dut.c(45): Unable to reduce array size for variable 'RoundKey', currently 1024 words (CIN-84)

iteration  0
Prompt:  Help me rewrite this function to be compatible with HLS: 

#include <stdio.h>
#include <stdint.h>

#define Nb 4
#define Nk 4
#define Nr 10

#define AES_KEYLEN 16
#define AES_keyExpSize 176

typedef uint8_t state_t[4][4];

void AddRoundKey(uint8_t round, state_t state, const uint8_t* RoundKey);

void phex(const uint8_t* str);

int main()
{
    uint8_t rkey[AES_keyExpSize];
    for (int i = 0; i < AES_keyExpSize; i++)
    {
        rkey[i] = i;
    }

    state_t state = {
        {0xaa, 0xaa, 0xaa, 0xaa},
        {0xaa, 0xaa, 0xaa, 0xaa},
        {0xaa, 0xaa, 0xaa, 0xaa},
        {0xaa, 0xaa, 0xaa, 0xaa}
    };

    AddRoundKey(0, state, rkey);
    phex((const uint8_t*)state);
    AddRoundKey(1, state, rkey);
    phex((const uint8_t*)state);
    AddRoundKey(2, state, rkey);
    phex((const uint8_t*)state);
    AddRoundKey(3, state, rkey);
    phex((const uint8_t*)state);

    return 0;
}

void AddRoundKey(uint8_t round, state_t state, const uint8_t* RoundKey)
{
    for (int i = 0; i < 4; ++i)
    {
#pragma HLS unroll
        for (int j = 0; j < 4; ++j)
        {
#pragma HLS unroll
            state[i][j] ^= RoundKey[(round * Nb * 4) + (i * Nb) + j];
        }
    }
}

void phex(const uint8_t* str)
{
    for (int i = 0; i < 16; ++i)
        printf("%.2x", str[i]);
    printf("\n");
}

 The current problem is: $PROJECT_HOME/temp_dut.c(45): Unable to reduce array size for variable 'RoundKey', currently 1024 words (CIN-84)

Here is the modified code that is compatible with HLS, addressing the issue reported:

```c
#include <stdio.h>
#include <stdint.h>

#define Nb 4
#define Nk 4
#define Nr 10

#define AES_KEYLEN 16
#define AES_keyExpSize 176

typedef uint8_t state_t[4][4];

void AddRoundKey(uint8_t round, state_t state, const uint8_t RoundKey[AES_keyExpSize]);

void phex(const uint8_t* str);

int main()
{
    uint8_t rkey[AES_keyExpSize];
    for (int i = 0; i < AES_keyExpSize; i++)
    {
        rkey[i] = i;
    }

    state_t state = {
        {0xaa, 0xaa, 0xaa, 0xaa},
        {0xaa, 0xaa, 0xaa, 0xaa},
        {0xaa, 0xaa, 0xaa, 0xaa},
        {0xaa, 0xaa, 0xaa, 0xaa}
    };

    AddRoundKey(0, state, rkey);
    phex((const uint8_t*)state);
    AddRoundKey(1, state, rkey);
    phex((const uint8_t*)state);
    AddRoundKey(2, state, rkey);
    phex((const uint8_t*)state);
    AddRoundKey(3, state, rkey);
    phex((const uint8_t*)state);

    return 0;
}

void AddRoundKey(uint8_t round, state_t state, const uint8_t RoundKey[AES_keyExpSize])
{
    for (int i = 0; i < 4; ++i)
    {
#pragma HLS unroll
        for (int j = 0; j < 4; ++j)
        {
#pragma HLS unroll
            state[i][j] ^= RoundKey[(round * Nb * 4) + (i * Nb) + j];
        }
    }
}

void phex(const uint8_t* str)
{
    for (int i = 0; i < 16; ++i)
        printf("%.2x", str[i]);
    printf("\n");
}
```

In this modified code, the function `AddRoundKey` now accepts `RoundKey` array with a fixed size `AES_keyExpSize`. This change helps HLS to infer the correct behavior without encountering the issue of array size reduction.
Compiling the code
The code is correct
b'aaaba8a9aeafacada2a3a0a1a6a7a4a5\nbabababababababababababababababa\n9a9b98999e9f9c9d9293909196979495\naaaaaaaaaaaaaaaaaaaaaaaaaaaaaaaa\n'
b'aaaba8a9aeafacada2a3a0a1a6a7a4a5\nbabababababababababababababababa\n9a9b98999e9f9c9d9293909196979495\naaaaaaaaaaaaaaaaaaaaaaaaaaaaaaaa\n'
The code is functionally correct, number of iterations: 1
Running catapult
The code is correct
The code is correct, number of gpt runs:  9
Running catapult
