// QuickSort function
void quickSort(int *arr, int low, int high)
{
    if (low < high)
    {
        int pivotIndex = partition(arr, low, high);

        quickSort(arr, low, pivotIndex - 1);
        quickSort(arr, pivotIndex + 1, high);
    }
}

// Driver code
int main()
{
    int arr[] = {19, 17, 15, 12, 16, 18, 4, 11, 13};
    int n = sizeof(arr) / sizeof(arr[0]);

    // printing the original array
    printf("Original array: ");
    for (int i = 0; i < n; i++)
    {
        printf("%d ", arr[i]);
    }

    // calling quickSort() to sort the given array
    quickSort(arr, 0, n - 1);

    // printing the sorted array
    printf("\nSorted array: ");
    for (int i = 0; i < n; i++)
    {
        printf("%d ", arr[i]);
    }

    return 0;
}
```  
Compiling the code
The code is correct
b'Original array: 19 17 15 12 16 18 4 11 13 \nSorted array: 4 11 12 13 15 16 17 18 19 '
b'Original array: 19 17 15 12 16 18 4 11 13 \nSorted array: 4 11 12 13 15 16 17 18 19 '
The code is functionally correct, number of iterations: 1
Running catapult
 $PROJECT_HOME/temp_dut.c(45): Unsupported language feature 'recursion' (CIN-15)

iteration  0
Prompt:  Help me rewrite this function to be compatible with HLS: 

#include <stdio.h>

// Function to swap two elements
void swap(int* a, int* b)
{
    int temp = *a;
    *a = *b;
    *b = temp;
}

// Partition function
int partition(int *arr, int low, int high)
{
    int pivot = arr[low];
    int i = low + 1;
    int j = high;

    while (i <= j)
    {
        while (i <= high && arr[i] <= pivot)
        {
            i++;
        }
        while (j > low && arr[j] > pivot)
        {
            j--;
        }
        if (i < j)
        {
            swap(&arr[i], &arr[j]);
        }
    }
    swap(&arr[low], &arr[j]);
    return j;
}

// QuickSort function
void quickSort(int *arr, int low, int high)
{
    if (low < high)
    {
        int pivotIndex = partition(arr, low, high);

        quickSort(arr, low, pivotIndex - 1);
        quickSort(arr, pivotIndex + 1, high);
    }
}

// Driver code
int main()
{
    int arr[] = {19, 17, 15, 12, 16, 18, 4, 11, 13};
    int n = sizeof(arr) / sizeof(arr[0]);

    // printing the original array
    printf("Original array: ");
    for (int i = 0; i < n; i++)
    {
        printf("%d ", arr[i]);
    }

    // calling quickSort() to sort the given array
    quickSort(arr, 0, n - 1);

    // printing the sorted array
    printf("\nSorted array: ");
    for (int i = 0; i < n; i++)
    {
        printf("%d ", arr[i]);
    }

    return 0;
}

 The current problem is: $PROJECT_HOME/temp_dut.c(45): Unsupported language feature 'recursion' (CIN-15)

```c
#include <stdio.h>
#include <stdlib.h>

// Function to swap two elements
void swap(int* a, int* b)
{
    int temp = *a;
    *a = *b;
    *b = temp;
}

// Partition function
int partition(int *arr, int low, int high)
{
    int pivot = arr[low];
    int i = low + 1;
    int j = high;

    while (i <= j)
    {
        while (i <= high && arr[i] <= pivot)
        {
            i++;
        }
        while (j > low && arr[j] > pivot)
        {
            j--;
        }
        if (i < j)
        {
            swap(&arr[i], &arr[j]);
        }
    }
    swap(&arr[low], &arr[j]);
    return j;
}

// Iterative QuickSort function
void quickSort(int *arr, int low, int high)
{
    int stack[high - low + 1];
    int top = -1;

    stack[++top] = low;
    stack[++top] = high;

    while (top >= 0)
    {
        high = stack[top--];
        low = stack[top--];

        int pivotIndex = partition(arr, low, high);

        if (pivotIndex - 1 > low)
        {
            stack[++top] = low;
            stack[++top] = pivotIndex - 1;
        }

        if (pivotIndex + 1 < high)
        {
            stack[++top] = pivotIndex + 1;
            stack[++top] = high;
        }
    }
}

// Driver code
int main()
{
    int arr[] = {19, 17, 15, 12, 16, 18, 4, 11, 13};
    int n = sizeof(arr) / sizeof(arr[0]);

    // printing the original array
    printf("Original array: ");
    for (int i = 0; i < n; i++)
    {
        printf("%d ", arr[i]);
    }

    // calling quickSort() to sort the given array
    quickSort(arr, 0, n - 1);

    // printing the sorted array
    printf("\nSorted array: ");
    for (int i = 0; i < n; i++)
    {
        printf("%d ", arr[i]);
    }

    return 0;
}
```
Compiling the code
The code is correct
b'Original array: 19 17 15 12 16 18 4 11 13 \nSorted array: 4 11 12 13 15 16 17 18 19 '
b'Original array: 19 17 15 12 16 18 4 11 13 \nSorted array: 4 11 12 13 15 16 17 18 19 '
The code is functionally correct, number of iterations: 1
Running catapult
 internal assertion failed (!is_okay()) /wv/hlsb/CATAPULT/2023.1_2/2023-06-10/src/cin/sif_ci_data.cxx line 449 (ASSERT-1)
#    >>>>>>>>>>>>>>>>>>>>>>>>>>>>>>>>>>>>>>>>>>>>>>>>>>>>>>>>>>>>> (ASSERT-3)
#     temp_dut.c(42,8,5):     int stack[high - low + 1]; (ASSERT-3)
#                                 ^^^^^                  (ASSERT-3)
#     temp_dut.c(40,5,9): void quickSort(int *arr, int low, int high) (ASSERT-3)
#                              ^^^^^^^^^                              (ASSERT-3)
#    <<<<<<<<<<<<<<<<<<<<<<<<<<<<<<<<<<<<<<<<<<<<<<<<<<<<<<<<<<<<< (ASSERT-3)

iteration  0
Prompt:  Help me rewrite this function to be compatible with HLS: 

#include <stdio.h>
#include <stdlib.h>

// Function to swap two elements
void swap(int* a, int* b)
{
    int temp = *a;
    *a = *b;
    *b = temp;
}

// Partition function
int partition(int *arr, int low, int high)
{
    int pivot = arr[low];
    int i = low + 1;
    int j = high;

    while (i <= j)
    {
        while (i <= high && arr[i] <= pivot)
        {
            i++;
        }
        while (j > low && arr[j] > pivot)
        {
            j--;
        }
        if (i < j)
        {
            swap(&arr[i], &arr[j]);
        }
    }
    swap(&arr[low], &arr[j]);
    return j;
}

// Iterative QuickSort function
void quickSort(int *arr, int low, int high)
{
    int stack[high - low + 1];
    int top = -1;

    stack[++top] = low;
    stack[++top] = high;

    while (top >= 0)
    {
        high = stack[top--];
        low = stack[top--];

        int pivotIndex = partition(arr, low, high);

        if (pivotIndex - 1 > low)
        {
            stack[++top] = low;
            stack[++top] = pivotIndex - 1;
        }

        if (pivotIndex + 1 < high)
        {
            stack[++top] = pivotIndex + 1;
            stack[++top] = high;
        }
    }
}

// Driver code
int main()
{
    int arr[] = {19, 17, 15, 12, 16, 18, 4, 11, 13};
    int n = sizeof(arr) / sizeof(arr[0]);

    // printing the original array
    printf("Original array: ");
    for (int i = 0; i < n; i++)
    {
        printf("%d ", arr[i]);
    }

    // calling quickSort() to sort the given array
    quickSort(arr, 0, n - 1);

    // printing the sorted array
    printf("\nSorted array: ");
    for (int i = 0; i < n; i++)
    {
        printf("%d ", arr[i]);
    }

    return 0;
}

 The current problem is: internal assertion failed (!is_okay()) /wv/hlsb/CATAPULT/2023.1_2/2023-06-10/src/cin/sif_ci_data.cxx line 449 (ASSERT-1)
#    >>>>>>>>>>>>>>>>>>>>>>>>>>>>>>>>>>>>>>>>>>>>>>>>>>>>>>>>>>>>> (ASSERT-3)
#     temp_dut.c(42,8,5):     int stack[high - low + 1]; (ASSERT-3)
#                                 ^^^^^                  (ASSERT-3)
#     temp_dut.c(40,5,9): void quickSort(int *arr, int low, int high) (ASSERT-3)
#                              ^^^^^^^^^                              (ASSERT-3)
#    <<<<<<<<<<<<<<<<<<<<<<<<<<<<<<<<<<<<<<<<<<<<<<<<<<<<<<<<<<<<< (ASSERT-3)

```c
#include <stdio.h>

// Function to swap two elements
void swap(int* a, int* b)
{
    int temp = *a;
    *a = *b;
    *b = temp;
}

// Partition function
int partition(int *arr, int low, int high)
{
    int pivot = arr[low];
    int i = low + 1;
    int j = high;

    while (i <= j)
    {
        while (i <= high && arr[i] <= pivot)
        {
            i++;
        }
        while (j > low && arr[j] > pivot)
        {
            j--;
        }
        if (i < j)
        {
            swap(&arr[i], &arr[j]);
        }
    }
    swap(&arr[low], &arr[j]);
    return j;
}

// Iterative QuickSort function
void quickSort(int *arr, int low, int high)
{
    int stack[100]; // Assume a maximum stack size

    int top = -1;
    stack[++top] = low;
    stack[++top] = high;

    while (top >= 0)
    {
        high = stack[top--];
        low = stack[top--];

        int pivotIndex = partition(arr, low, high);

        if (pivotIndex - 1 > low)
        {
            stack[++top] = low;
            stack[++top] = pivotIndex - 1;
        }

        if (pivotIndex + 1 < high)
        {
            stack[++top] = pivotIndex + 1;
            stack[++top] = high;
        }
    }
}

// Driver code
int main()
{
    int arr[] = {19, 17, 15, 12, 16, 18, 4, 11, 13};
    int n = sizeof(arr) / sizeof(arr[0]);

    // printing the original array
    printf("Original array: ");
    for (int i = 0; i < n; i++)
    {
        printf("%d ", arr[i]);
    }

    // calling quickSort() to sort the given array
    quickSort(arr, 0, n - 1);

    // printing the sorted array
    printf("\nSorted array: ");
    for (int i = 0; i < n; i++)
    {
        printf("%d ", arr[i]);
    }

    return 0;
}
```  
Compiling the code
The code is correct
b'Original array: 19 17 15 12 16 18 4 11 13 \nSorted array: 4 11 12 13 15 16 17 18 19 '
b'Original array: 19 17 15 12 16 18 4 11 13 \nSorted array: 4 11 12 13 15 16 17 18 19 '
The code is functionally correct, number of iterations: 1
Running catapult
 $PROJECT_HOME/temp_dut.c(39): Unable to reduce array size for variable 'arr', currently 1024 words (CIN-84)

iteration  0
Prompt:  Help me rewrite this function to be compatible with HLS: 

#include <stdio.h>

// Function to swap two elements
void swap(int* a, int* b)
{
    int temp = *a;
    *a = *b;
    *b = temp;
}

// Partition function
int partition(int *arr, int low, int high)
{
    int pivot = arr[low];
    int i = low + 1;
    int j = high;

    while (i <= j)
    {
        while (i <= high && arr[i] <= pivot)
        {
            i++;
        }
        while (j > low && arr[j] > pivot)
        {
            j--;
        }
        if (i < j)
        {
            swap(&arr[i], &arr[j]);
        }
    }
    swap(&arr[low], &arr[j]);
    return j;
}

// Iterative QuickSort function
void quickSort(int *arr, int low, int high)
{
    int stack[100]; // Assume a maximum stack size

    int top = -1;
    stack[++top] = low;
    stack[++top] = high;

    while (top >= 0)
    {
        high = stack[top--];
        low = stack[top--];

        int pivotIndex = partition(arr, low, high);

        if (pivotIndex - 1 > low)
        {
            stack[++top] = low;
            stack[++top] = pivotIndex - 1;
        }

        if (pivotIndex + 1 < high)
        {
            stack[++top] = pivotIndex + 1;
            stack[++top] = high;
        }
    }
}

// Driver code
int main()
{
    int arr[] = {19, 17, 15, 12, 16, 18, 4, 11, 13};
    int n = sizeof(arr) / sizeof(arr[0]);

    // printing the original array
    printf("Original array: ");
    for (int i = 0; i < n; i++)
    {
        printf("%d ", arr[i]);
    }

    // calling quickSort() to sort the given array
    quickSort(arr, 0, n - 1);

    // printing the sorted array
    printf("\nSorted array: ");
    for (int i = 0; i < n; i++)
    {
        printf("%d ", arr[i]);
    }

    return 0;
}

 The current problem is: $PROJECT_HOME/temp_dut.c(39): Unable to reduce array size for variable 'arr', currently 1024 words (CIN-84)

Here is the modified version of the code that is compatible with High Level Synthesis:

```c
// Function to swap two elements
void swap(int* a, int* b)
{
    int temp = *a;
    *a = *b;
    *b = temp;
}

// Partition function
int partition(int arr[], int low, int high)
{
    int pivot = arr[low];
    int i = low + 1;
    int j = high;

    while (i <= j)
    {
        while (i <= high && arr[i] <= pivot)
        {
            i++;
        }
        while (j > low && arr[j] > pivot)
        {
            j--;
        }
        if (i < j)
        {
            swap(&arr[i], &arr[j]);
        }
    }
    swap(&arr[low], &arr[j]);
    return j;
}

// Iterative QuickSort function
void quickSort(int arr[], int low, int high)
{
    int stack[100]; // Assume a maximum stack size

    int top = -1;
    stack[++top] = low;
    stack[++top] = high;

    while (top >= 0)
    {
        high = stack[top--];
        low = stack[top--];

        int pivotIndex = partition(arr, low, high);

        if (pivotIndex - 1 > low)
        {
            stack[++top] = low;
            stack[++top] = pivotIndex - 1;
        }

        if (pivotIndex + 1 < high)
        {
            stack[++top] = pivotIndex + 1;
            stack[++top] = high;
        }
    }
}

// Driver code
int main()
{
    int arr[] = {19, 17, 15, 12, 16, 18, 4, 11, 13};
    int n = sizeof(arr) / sizeof(arr[0]);

    // printing the original array
    for (int i = 0; i < n; i++)
    {
        printf("%d ", arr[i]);
    }

    // calling quickSort() to sort the given array
    quickSort(arr, 0, n - 1);

    return 0;
}
```

This code snippet contains all the necessary parts for successful compilation with HLS tools. The unnecessary print statements were removed to make the code compatible with HLS restrictions on I/O operations.
Compiling the code
The code is incorrect
b'19 17 15 12 16 18 4 11 13 '
b'Original array: 19 17 15 12 16 18 4 11 13 \nSorted array: 4 11 12 13 15 16 17 18 19 '
iteration  1
Prompt:  Help me rewrite this function to be compatible with HLS: 

#include <stdio.h>

// Function to swap two elements
void swap(int* a, int* b)
{
    int temp = *a;
    *a = *b;
    *b = temp;
}

// Partition function
int partition(int *arr, int low, int high)
{
    int pivot = arr[low];
    int i = low + 1;
    int j = high;

    while (i <= j)
    {
        while (i <= high && arr[i] <= pivot)
        {
            i++;
        }
        while (j > low && arr[j] > pivot)
        {
            j--;
        }
        if (i < j)
        {
            swap(&arr[i], &arr[j]);
        }
    }
    swap(&arr[low], &arr[j]);
    return j;
}

// Iterative QuickSort function
void quickSort(int *arr, int low, int high)
{
    int stack[100]; // Assume a maximum stack size

    int top = -1;
    stack[++top] = low;
    stack[++top] = high;

    while (top >= 0)
    {
        high = stack[top--];
        low = stack[top--];

        int pivotIndex = partition(arr, low, high);

        if (pivotIndex - 1 > low)
        {
            stack[++top] = low;
            stack[++top] = pivotIndex - 1;
        }

        if (pivotIndex + 1 < high)
        {
            stack[++top] = pivotIndex + 1;
            stack[++top] = high;
        }
    }
}

// Driver code
int main()
{
    int arr[] = {19, 17, 15, 12, 16, 18, 4, 11, 13};
    int n = sizeof(arr) / sizeof(arr[0]);

    // printing the original array
    printf("Original array: ");
    for (int i = 0; i < n; i++)
    {
        printf("%d ", arr[i]);
    }

    // calling quickSort() to sort the given array
    quickSort(arr, 0, n - 1);

    // printing the sorted array
    printf("\nSorted array: ");
    for (int i = 0; i < n; i++)
    {
        printf("%d ", arr[i]);
    }

    return 0;
}

 The current problem is: $PROJECT_HOME/temp_dut.c(39): Unable to reduce array size for variable 'arr', currently 1024 words (CIN-84)

```c
#include <stdio.h>

// Function to swap two elements
void swap(int* a, int* b)
{
    int temp = *a;
    *a = *b;
    *b = temp;
}

// Partition function
int partition(int arr[], int low, int high)
{
    int pivot = arr[low];
    int i = low + 1;
    int j = high;

    while (i <= j)
    {
        while (i <= high && arr[i] <= pivot)
        {
            i++;
        }
        while (j > low && arr[j] > pivot)
        {
            j--;
        }
        if (i < j)
        {
            swap(&arr[i], &arr[j]);
        }
    }
    swap(&arr[low], &arr[j]);
    return j;
}

// Iterative QuickSort function
void quickSort(int arr[], int low, int high)
{
    int stack[100]; // Assume a maximum stack size
    int top = -1;
    
    stack[++top] = low;
    stack[++top] = high;

    while (top >= 0)
    {
        high = stack[top--];
        low = stack[top--];

        int pivotIndex = partition(arr, low, high);

        if (pivotIndex - 1 > low)
        {
            stack[++top] = low;
            stack[++top] = pivotIndex - 1;
        }

        if (pivotIndex + 1 < high)
        {
            stack[++top] = pivotIndex + 1;
            stack[++top] = high;
        }
    }
}

// Driver code
int main()
{
    int arr[] = {19, 17, 15, 12, 16, 18, 4, 11, 13};
    int n = sizeof(arr) / sizeof(arr[0]);

    // printing the original array
    printf("Original array: ");
    for (int i = 0; i < n; i++)
    {
        printf("%d ", arr[i]);
    }

    // calling quickSort() to sort the given array
    quickSort(arr, 0, n - 1);

    // printing the sorted array
    printf("\nSorted array: ");
    for (int i = 0; i < n; i++)
    {
        printf("%d ", arr[i]);
    }

    return 0;
}
```
Compiling the code
The code is correct
b'Original array: 19 17 15 12 16 18 4 11 13 \nSorted array: 4 11 12 13 15 16 17 18 19 '
b'Original array: 19 17 15 12 16 18 4 11 13 \nSorted array: 4 11 12 13 15 16 17 18 19 '
The code is functionally correct, number of iterations: 2
Running catapult
 $PROJECT_HOME/temp_dut.c(39): Unable to reduce array size for variable 'arr', currently 1024 words (CIN-84)

iteration  0
Prompt:  Help me rewrite this function to be compatible with HLS: 

#include <stdio.h>

// Function to swap two elements
void swap(int* a, int* b)
{
    int temp = *a;
    *a = *b;
    *b = temp;
}

// Partition function
int partition(int arr[], int low, int high)
{
    int pivot = arr[low];
    int i = low + 1;
    int j = high;

    while (i <= j)
    {
        while (i <= high && arr[i] <= pivot)
        {
            i++;
        }
        while (j > low && arr[j] > pivot)
        {
            j--;
        }
        if (i < j)
        {
            swap(&arr[i], &arr[j]);
        }
    }
    swap(&arr[low], &arr[j]);
    return j;
}

// Iterative QuickSort function
void quickSort(int arr[], int low, int high)
{
    int stack[100]; // Assume a maximum stack size
    int top = -1;
    
    stack[++top] = low;
    stack[++top] = high;

    while (top >= 0)
    {
        high = stack[top--];
        low = stack[top--];

        int pivotIndex = partition(arr, low, high);

        if (pivotIndex - 1 > low)
        {
            stack[++top] = low;
            stack[++top] = pivotIndex - 1;
        }

        if (pivotIndex + 1 < high)
        {
            stack[++top] = pivotIndex + 1;
            stack[++top] = high;
        }
    }
}

// Driver code
int main()
{
    int arr[] = {19, 17, 15, 12, 16, 18, 4, 11, 13};
    int n = sizeof(arr) / sizeof(arr[0]);

    // printing the original array
    printf("Original array: ");
    for (int i = 0; i < n; i++)
    {
        printf("%d ", arr[i]);
    }

    // calling quickSort() to sort the given array
    quickSort(arr, 0, n - 1);

    // printing the sorted array
    printf("\nSorted array: ");
    for (int i = 0; i < n; i++)
    {
        printf("%d ", arr[i]);
    }

    return 0;
}

 The current problem is: $PROJECT_HOME/temp_dut.c(39): Unable to reduce array size for variable 'arr', currently 1024 words (CIN-84)

```c
#include <stdio.h>

// Function to swap two elements
void swap(int* a, int* b)
{
    int temp = *a;
    *a = *b;
    *b = temp;
}

// Partition function
int partition(int arr[], int low, int high)
{
    int pivot = arr[low];
    int i = low + 1;
    int j = high;

    while (i <= j)
    {
        while (i <= high && arr[i] <= pivot)
        {
            i++;
        }
        while (j > low && arr[j] > pivot)
        {
            j--;
        }
        if (i < j)
        {
            swap(&arr[i], &arr[j]);
        }
    }
    swap(&arr[low], &arr[j]);
    return j;
}

// Iterative QuickSort function
void quickSort(int arr[1024], int low, int high)
{
    int stack[100]; // Assume a maximum stack size
    int top = -1;
    
    stack[++top] = low;
    stack[++top] = high;

    while (top >= 0)
    {
        high = stack[top--];
        low = stack[top--];

        int pivotIndex = partition(arr, low, high);

        if (pivotIndex - 1 > low)
        {
            stack[++top] = low;
            stack[++top] = pivotIndex - 1;
        }

        if (pivotIndex + 1 < high)
        {
            stack[++top] = pivotIndex + 1;
            stack[++top] = high;
        }
    }
}

// Driver code
int main()
{
    int arr[] = {19, 17, 15, 12, 16, 18, 4, 11, 13};
    int n = sizeof(arr) / sizeof(arr[0]);

    // printing the original array
    printf("Original array: ");
    for (int i = 0; i < n; i++)
    {
        printf("%d ", arr[i]);
    }

    // calling quickSort() to sort the given array
    quickSort(arr, 0, n - 1);

    // printing the sorted array
    printf("\nSorted array: ");
    for (int i = 0; i < n; i++)
    {
        printf("%d ", arr[i]);
    }

    return 0;
}
```
Compiling the code
The code is correct
b'Original array: 19 17 15 12 16 18 4 11 13 \nSorted array: 4 11 12 13 15 16 17 18 19 '
b'Original array: 19 17 15 12 16 18 4 11 13 \nSorted array: 4 11 12 13 15 16 17 18 19 '
The code is functionally correct, number of iterations: 1
Running catapult
The code is correct
The code is correct, number of gpt runs:  9