Running in mode:  standard Hierarchical:  True
Building unit test for  AddRoundKey
Running catapult
 $PROJECT_HOME/tmp/AddRoundKey_initial.c(40): Unsupported synthesis feature 'pointers-to-arrays on the interface' (CIN-70)

iteration  0
Prompt:  Help me rewrite the AddRoundKey function to be compatible with HLS: 
  static void AddRoundKey(uint8_t round, state_t *state, const round_t *RoundKey)
{
  uint8_t i;
  uint8_t j;
  for (i = 0; i < 4; ++i)
  {
    for (j = 0; j < 4; ++j)
    {
      (*state)[i][j] ^= (*RoundKey)[(((round * 4) * 4) + (i * 4)) + j];
    }

  }

}

 
 The current problem is:" 
 $PROJECT_HOME/tmp/AddRoundKey_initial.c(40): Unsupported synthesis feature 'pointers-to-arrays on the interface' (CIN-70)

        

 also include a main function that tests the code in the same way of the reference code: 
 int main()
{
  uint8_t round = 0x0;
  state_t state = {{170, 187, 204, 221}, {171, 161, 26, 186}, {176, 193, 210, 228}, {189, 175, 250, 255}};
  const round_t RoundKey = {17, 34, 51, 68, 85, 102, 119, 136, 153, 170, 187, 204, 221, 238, 255, 0, 56, 52, 80, 133, 109, 82, 39, 13, 244, 248, 156, 193, 41, 22, 99, 193, 125, 207, 40, 32, 16, 157, 15, 45, 228, 101, 147, 236, 205, 115, 240, 45, 246, 67, 240, 157, 230, 222, 255, 176, 2, 187, 108, 92, 207, 200, 156, 113, 22, 157, 83, 23, 240, 67, 172, 167, 242, 248, 192, 251, 61, 48, 92, 138, 2, 215, 45, 48, 242, 148, 129, 151, 0, 108, 65, 108, 61, 92, 29, 230, 104, 115, 163, 23, 154, 231, 34, 128, 154, 139, 99, 236, 167, 215, 126, 10, 38, 128, 196, 75, 188, 103, 230, 203, 38, 236, 133, 39, 129, 59, 251, 45, 68, 143, 28, 71, 248, 232, 250, 140, 222, 4, 127, 171, 95, 63, 132, 134, 42, 208, 88, 136, 210, 56, 162, 4, 12, 60, 221, 175, 83, 3, 89, 41, 103, 27, 253, 101, 181, 35, 95, 97, 185, 31, 130, 206, 234, 28, 219, 231};
  AddRoundKey(round, &state, &RoundKey);
  printf("%d\n", round);
  for (int _i = 0; _i < 4; _i++)
  {
    for (int _j = 0; _j < 4; _j++)
    {
      printf("%d ", state[_i][_j]);
    }

    printf("\n");
  }

  for (int _i = 0; _i < 176; _i++)
  {
    printf("%d ", RoundKey[_i]);
  }

  printf("\n");
}



