GNU gdb (GDB) Red Hat Enterprise Linux 8.2-20.el8
Copyright (C) 2018 Free Software Foundation, Inc.
License GPLv3+: GNU GPL version 3 or later <http://gnu.org/licenses/gpl.html>
This is free software: you are free to change and redistribute it.
There is NO WARRANTY, to the extent permitted by law.
Type "show copying" and "show warranty" for details.
This GDB was configured as "x86_64-redhat-linux-gnu".
Type "show configuration" for configuration details.
For bug reporting instructions, please see:
<http://www.gnu.org/software/gdb/bugs/>.
Find the GDB manual and other documentation resources online at:
    <http://www.gnu.org/software/gdb/documentation/>.

For help, type "help".
Type "apropos word" to search for commands related to "word".
(gdb) (gdb) Breakpoint 1 at 0x400a24: file tmp/complete.c, line 103.

Breakpoint 1, sha256_update (data_int=0x7fffffffb9d0,    datalen_int=0x7fffffffba10, state=0x7fffffffba20,    bitlen_int=0x7fffffffba18, data=0x7fffffffba60, len=56)
    at tmp/complete.c:103
103		for (i = 0; i < len; ++i) {
$1 = {0xa0, 0x32, 0x60, 0x0, 0x0, 0x0, 0x0, 0x0, 0xa0, 0x32, 0x60, 0x0, 0x0,  0x0, 0x0, 0x0, 0x8f, 0x71, 0x8e, 0xf7, 0xff, 0x7f, 0x0, 0x0, 0x8b, 0x80,  0x3b, 0xf7, 0xff, 0x7f, 0x0, 0x0, 0xe0, 0x89, 0x3b, 0xf7, 0xff, 0x7f, 0x0,  0x0, 0x0, 0x0, 0x0, 0x0, 0x0, 0x0, 0x0, 0x0, 0xe8, 0x1, 0x0, 0x0, 0x0, 0x0,  0x0, 0x0, 0x1d, 0x0, 0x0, 0x0, 0x0, 0x0, 0x0, 0x0}
$2 = 0x0
$3 = {0x6a09e667, 0xbb67ae85, 0x3c6ef372, 0xa54ff53a, 0x510e527f, 0x9b05688c,  0x1f83d9ab, 0x5be0cd19}
$4 = 0x0
$5 = {0x61, 0x62, 0x63, 0x64, 0x62, 0x63, 0x64, 0x65, 0x63, 0x64, 0x65, 0x66,  0x64, 0x65, 0x66, 0x67, 0x65, 0x66, 0x67, 0x68, 0x66, 0x67, 0x68, 0x69,  0x67, 0x68, 0x69, 0x6a, 0x68, 0x69, 0x6a, 0x6b, 0x69, 0x6a, 0x6b, 0x6c,  0x6a, 0x6b, 0x6c, 0x6d, 0x6b, 0x6c, 0x6d, 0x6e, 0x6c, 0x6d, 0x6e, 0x6f,  0x6d, 0x6e, 0x6f, 0x70, 0x6e, 0x6f, 0x70, 0x71, 0x0, 0x0, 0x0, 0x0, 0x0,  0x0, 0x0, 0x0}
$6 = 0x38
6a9e667bb67ae853c6ef372a54ff53a51e527f9b5688c1f83d9ab5be0cd19[Inferior 1 (process 1017153) exited normally]
Missing separate debuginfos, use: yum debuginfo-install compat-openssl10-1.0.2o-4.el8_6.x86_64 glibc-2.28-251.el8_10.4.x86_64 zlib-1.2.11-25.el8.x86_64
(gdb) quit

