GNU gdb (GDB) Red Hat Enterprise Linux 8.2-20.el8
Copyright (C) 2018 Free Software Foundation, Inc.
License GPLv3+: GNU GPL version 3 or later <http://gnu.org/licenses/gpl.html>
This is free software: you are free to change and redistribute it.
There is NO WARRANTY, to the extent permitted by law.
Type "show copying" and "show warranty" for details.
This GDB was configured as "x86_64-redhat-linux-gnu".
Type "show configuration" for configuration details.
For bug reporting instructions, please see:
<http://www.gnu.org/software/gdb/bugs/>.
Find the GDB manual and other documentation resources online at:
    <http://www.gnu.org/software/gdb/documentation/>.

For help, type "help".
Type "apropos word" to search for commands related to "word".
(gdb) (gdb) Breakpoint 1 at 0x40063f: file tmp/complete.c, line 48.

Breakpoint 1, sha256_transform (state=0x7fffffffb9d0, data=0x7fffffffb9d0)
    at tmp/complete.c:48
48		for (i = 0, j = 0; i < 16; ++i, j += 4)
$1 = {0x64636261, 0x65646362, 0x66656463, 0x67666564, 0x68676665, 0x69686766,  0x6a696867, 0x6b6a6968}
$2 = {0x61, 0x62, 0x63, 0x64, 0x62, 0x63, 0x64, 0x65, 0x63, 0x64, 0x65, 0x66,  0x64, 0x65, 0x66, 0x67, 0x65, 0x66, 0x67, 0x68, 0x66, 0x67, 0x68, 0x69,  0x67, 0x68, 0x69, 0x6a, 0x68, 0x69, 0x6a, 0x6b, 0x69, 0x6a, 0x6b, 0x6c,  0x6a, 0x6b, 0x6c, 0x6d, 0x6b, 0x6c, 0x6d, 0x6e, 0x6c, 0x6d, 0x6e, 0x6f,  0x6d, 0x6e, 0x6f, 0x70, 0x6e, 0x6f, 0x70, 0x71, 0x80, 0x0, 0x0, 0x0, 0x0,  0x0, 0x0, 0x0}

Breakpoint 1, sha256_transform (state=0x7fffffffb9d0, data=0x7fffffffb9d0)
    at tmp/complete.c:48
48		for (i = 0, j = 0; i < 16; ++i, j += 4)
Missing separate debuginfos, use: yum debuginfo-install compat-openssl10-1.0.2o-4.el8_6.x86_64 glibc-2.28-251.el8_10.4.x86_64 zlib-1.2.11-25.el8.x86_64
(gdb) quit
A debugging session is active.

	Inferior 1 [process 1015335] will be killed.

Quit anyway? (y or n) [answered Y; input not from terminal]

