-- Catapult Ultra Synthesis: Report                                              
-- ------------------------- ---------------------------------------------------
-- Version:                  2023.1_2/1049935 Production Release                 
-- Build Date:               Sat Jun 10 10:53:51 PDT 2023                        
                                                                                 
-- Generated by:             lc4976@hansolo.poly.edu                             
-- Generated date:           Tue Apr 09 23:33:06 EDT 2024                        

Solution Settings: SubBytes.v1
  Current state: extract
  Project: Catapult_15

Design Input Files Specified
  $PROJECT_HOME/temp_dut.c

Processes/Blocks in Design
  Process        Real Operation(s) count Latency Throughput Reset Length II Comments 
  -------------- ----------------------- ------- ---------- ------------ -- --------
  /SubBytes/core                      53      33         38            0  0          
  Design Total:                       53      33         38            0  0          
  
Bill Of Materials (Datapath)
  Component Name                                   Area Score Area(Combinational) AreaSeq Delay Post Alloc Post Assign 
  ------------------------------------------------ ---------- ------------------- ------- ----- ---------- -----------
  [Lib: cluster]                                                                                                       
  ROM_1i8_1o8_6cd8ed6ecb89da3c4ea51c9925c1afffbc()    490.238               0.000   0.000 0.703          1           1 
  [Lib: mgc_ioport]                                                                                                    
  mgc_inout_prereg_en(1,128)                            0.000               0.000   0.000 0.000          1           1 
  mgc_io_sync(0)                                        0.000               0.000   0.000 0.000          1           1 
  [Lib: nangate-45nm_beh]                                                                                              
  mgc_add(2,0,1,0,3,7)                                  6.916               0.000   0.000 0.186          0           1 
  mgc_add(2,0,2,1,3,7)                                 10.040               0.000   0.000 0.237          1           0 
  mgc_and(1,2,4)                                        1.064               0.000   0.000 0.077          0           5 
  mgc_and(1,3,4)                                        1.330               0.000   0.000 0.084          0           6 
  mgc_and(1,4,4)                                        1.596               0.000   0.000 0.090          0           5 
  mgc_and(2,2,4)                                        2.128               0.012   0.000 0.077          0           2 
  mgc_mux(2,1,2,5)                                      3.724               0.000   0.000 0.088          0           1 
  mgc_mux(8,1,2,1)                                     25.536              45.010   0.000 0.114          0          16 
  mgc_mux(8,1,2,2)                                     25.536              35.852   0.000 0.113         16           0 
  mgc_mux(8,4,16,5)                                   134.064             160.121   0.000 0.312          1           1 
  mgc_nand(1,2,4)                                       0.798               0.000   0.000 0.061          0           2 
  mgc_nor(1,15,4)                                       6.517               8.365   0.000 0.170          0           1 
  mgc_nor(1,2,2)                                        0.798               0.000   0.000 0.097          0           6 
  mgc_nor(1,3,4)                                        1.064               0.000   0.000 0.132          0           4 
  mgc_not(1,1)                                          0.532               0.532   0.000 0.039          0          10 
  mgc_or(1,2,2)                                         1.064               0.616   0.000 0.078          0          23 
  mgc_reg_pos(1,0,0,1,0,0,0,1)                          6.384               1.862   4.522 0.106          0           1 
  mgc_reg_pos(2,0,0,1,0,1,1,1)                         12.768               3.724   9.044 0.106          0           2 
                                                                                                                       
  TOTAL AREA (After Assignment):                     1147.923             917.000  23.000                              
  
Area Scores
                    Post-Scheduling Post-DP & FSM Post-Assignment 
  ----------------- --------------- ------------- ---------------
  Total Area Score:   2102.7         109.9          1176.5        
  Total Reg:          1059.7  (50%)   57.9  (53%)     57.9   (5%) 
                                                                  
  DataPath:           2102.7 (100%)   81.9  (75%)   1147.9  (98%) 
    MUX:               542.6  (26%)   10.2  (12%)    546.4  (48%) 
    FUNC:              500.3  (24%)   20.1  (25%)    497.2  (43%) 
    LOGIC:               0.0          19.7  (24%)     72.5   (6%) 
    BUFFER:              0.0           0.0             0.0        
    MEM:                 0.0           0.0             0.0        
    ROM:                 0.0           0.0             0.0        
    REG:              1059.7  (50%)   31.9  (39%)     31.9   (3%) 
                                                                  
  
  FSM:                   0.0          28.0  (25%)     28.5   (2%) 
    FSM-REG:             0.0          26.0  (93%)     26.0  (91%) 
    FSM-COMB:            0.0           2.0   (7%)      2.5   (9%) 
                                                                  
  
  
  (MUX = multiplexers; FUNC = datapath logic (e.g. add/mult); LOGIC = control logic)

Register-to-Variable Mappings
  Register            Size(bits) Gated Register CG Opt Done Variables                                             
  ------------------- ---------- -------------- ----------- -----------------------------------------------------
  i(2:0).sva(1:0)              2         Y           Y      i(2:0).sva(1:0)                                       
  j(2:0).sva(1:0)              2         Y           Y      j(2:0).sva(1:0)                                       
  state.triosy:obj.ld          1                            state.triosy:obj.ld                                   
                                                                                                                  
  Total:                       5              4           4 (Total Gating Ratio: 0.80, CG Opt Gating Ratio: 0.80) 
  
Timing Report
  Critical Path
    Max Delay:  1.235098
    Slack:      18.764902
    
    Path                                                                Startpoint                                     Endpoint                     Delay  Slack   
    ------------------------------------------------------------------- ---------------------------------------------- ---------------------------- ------ -------
    1                                                                   SubBytes:core/reg(j(2:0).sva(1:0))             SubBytes/state:rsc.zout      1.2351 18.7649 
                                                                                                                                                                   
      Instance                                                          Component                                                                   Delta  Delay   
      --------                                                          ---------                                                                   -----  -----   
      SubBytes:core/reg(j(2:0).sva(1:0))                                mgc_reg_pos_2_0_0_1_0_1_1_1                                                 0.1060 0.1060  
      SubBytes:core/j(2:0).sva(1:0)                                                                                                                 0.0000 0.1060  
      SubBytes:core/for:for:conc#34                                                                                                                 0.0000 0.1060  
      SubBytes:core/for:for:conc#34.itm                                                                                                             0.0000 0.1060  
      SubBytes:core/for:for:mux#16                                      mgc_mux_8_4_16_5                                                            0.3120 0.4180  
      SubBytes:core/for:for:mux#16.itm                                                                                                              0.0000 0.4180  
      SubBytes:core/U:ROM_1i8_1o8_ec965ae3708891513d2041cf4eab49d42f.rg ROM_1i8_1o8_6cd8ed6ecb89da3c4ea51c9925c1afffbc                              0.7030 1.1210  
      SubBytes:core/ROM_1i8_1o8_ec965ae3708891513d2041cf4eab49d42f#1                                                                                0.0000 1.1210  
      SubBytes:core/for:for:mux#15                                      mgc_mux_8_1_2_1                                                             0.1141 1.2351  
      SubBytes:core/for:for:mux#15.itm                                                                                                              0.0000 1.2351  
      SubBytes:core/for:for:conc#35                                                                                                                 0.0000 1.2351  
      SubBytes:core/for:for:conc#35.itm                                                                                                             0.0000 1.2351  
      SubBytes:core/state:rsci                                          mgc_inout_prereg_en_v1_1_128(dout=>zout)                                    0.0000 1.2351  
      SubBytes:core/state:rsc.zout                                                                                                                  0.0000 1.2351  
      SubBytes/state:rsc.zout                                                                                                                       0.0000 1.2351  
                                                                                                                                                                   
    2                                                                   SubBytes:core/reg(j(2:0).sva(1:0))             SubBytes:core/state:rsc.zout 1.2351 18.7649 
                                                                                                                                                                   
      Instance                                                          Component                                                                   Delta  Delay   
      --------                                                          ---------                                                                   -----  -----   
      SubBytes:core/reg(j(2:0).sva(1:0))                                mgc_reg_pos_2_0_0_1_0_1_1_1                                                 0.1060 0.1060  
      SubBytes:core/j(2:0).sva(1:0)                                                                                                                 0.0000 0.1060  
      SubBytes:core/for:for:conc#34                                                                                                                 0.0000 0.1060  
      SubBytes:core/for:for:conc#34.itm                                                                                                             0.0000 0.1060  
      SubBytes:core/for:for:mux#16                                      mgc_mux_8_4_16_5                                                            0.3120 0.4180  
      SubBytes:core/for:for:mux#16.itm                                                                                                              0.0000 0.4180  
      SubBytes:core/U:ROM_1i8_1o8_ec965ae3708891513d2041cf4eab49d42f.rg ROM_1i8_1o8_6cd8ed6ecb89da3c4ea51c9925c1afffbc                              0.7030 1.1210  
      SubBytes:core/ROM_1i8_1o8_ec965ae3708891513d2041cf4eab49d42f#1                                                                                0.0000 1.1210  
      SubBytes:core/for:for:mux#15                                      mgc_mux_8_1_2_1                                                             0.1141 1.2351  
      SubBytes:core/for:for:mux#15.itm                                                                                                              0.0000 1.2351  
      SubBytes:core/for:for:conc#35                                                                                                                 0.0000 1.2351  
      SubBytes:core/for:for:conc#35.itm                                                                                                             0.0000 1.2351  
      SubBytes:core/state:rsci                                          mgc_inout_prereg_en_v1_1_128(dout=>zout)                                    0.0000 1.2351  
      SubBytes:core/state:rsc.zout                                                                                                                  0.0000 1.2351  
                                                                                                                                                                   
    3                                                                   SubBytes:core/reg(j(2:0).sva(1:0))             SubBytes:core/state:rsc.zout 1.2351 18.7649 
                                                                                                                                                                   
      Instance                                                          Component                                                                   Delta  Delay   
      --------                                                          ---------                                                                   -----  -----   
      SubBytes:core/reg(j(2:0).sva(1:0))                                mgc_reg_pos_2_0_0_1_0_1_1_1                                                 0.1060 0.1060  
      SubBytes:core/j(2:0).sva(1:0)                                                                                                                 0.0000 0.1060  
      SubBytes:core/for:for:conc#34                                                                                                                 0.0000 0.1060  
      SubBytes:core/for:for:conc#34.itm                                                                                                             0.0000 0.1060  
      SubBytes:core/for:for:mux#16                                      mgc_mux_8_4_16_5                                                            0.3120 0.4180  
      SubBytes:core/for:for:mux#16.itm                                                                                                              0.0000 0.4180  
      SubBytes:core/U:ROM_1i8_1o8_ec965ae3708891513d2041cf4eab49d42f.rg ROM_1i8_1o8_6cd8ed6ecb89da3c4ea51c9925c1afffbc                              0.7030 1.1210  
      SubBytes:core/ROM_1i8_1o8_ec965ae3708891513d2041cf4eab49d42f#1                                                                                0.0000 1.1210  
      SubBytes:core/for:for:mux#6                                       mgc_mux_8_1_2_1                                                             0.1141 1.2351  
      SubBytes:core/for:for:mux#6.itm                                                                                                               0.0000 1.2351  
      SubBytes:core/for:for:conc#35                                                                                                                 0.0000 1.2351  
      SubBytes:core/for:for:conc#35.itm                                                                                                             0.0000 1.2351  
      SubBytes:core/state:rsci                                          mgc_inout_prereg_en_v1_1_128(dout=>zout)                                    0.0000 1.2351  
      SubBytes:core/state:rsc.zout                                                                                                                  0.0000 1.2351  
                                                                                                                                                                   
    4                                                                   SubBytes:core/reg(j(2:0).sva(1:0))             SubBytes:core/state:rsc.zout 1.2351 18.7649 
                                                                                                                                                                   
      Instance                                                          Component                                                                   Delta  Delay   
      --------                                                          ---------                                                                   -----  -----   
      SubBytes:core/reg(j(2:0).sva(1:0))                                mgc_reg_pos_2_0_0_1_0_1_1_1                                                 0.1060 0.1060  
      SubBytes:core/j(2:0).sva(1:0)                                                                                                                 0.0000 0.1060  
      SubBytes:core/for:for:conc#34                                                                                                                 0.0000 0.1060  
      SubBytes:core/for:for:conc#34.itm                                                                                                             0.0000 0.1060  
      SubBytes:core/for:for:mux#16                                      mgc_mux_8_4_16_5                                                            0.3120 0.4180  
      SubBytes:core/for:for:mux#16.itm                                                                                                              0.0000 0.4180  
      SubBytes:core/U:ROM_1i8_1o8_ec965ae3708891513d2041cf4eab49d42f.rg ROM_1i8_1o8_6cd8ed6ecb89da3c4ea51c9925c1afffbc                              0.7030 1.1210  
      SubBytes:core/ROM_1i8_1o8_ec965ae3708891513d2041cf4eab49d42f#1                                                                                0.0000 1.1210  
      SubBytes:core/for:for:mux                                         mgc_mux_8_1_2_1                                                             0.1141 1.2351  
      SubBytes:core/for:for:mux.itm                                                                                                                 0.0000 1.2351  
      SubBytes:core/for:for:conc#35                                                                                                                 0.0000 1.2351  
      SubBytes:core/for:for:conc#35.itm                                                                                                             0.0000 1.2351  
      SubBytes:core/state:rsci                                          mgc_inout_prereg_en_v1_1_128(dout=>zout)                                    0.0000 1.2351  
      SubBytes:core/state:rsc.zout                                                                                                                  0.0000 1.2351  
                                                                                                                                                                   
    5                                                                   SubBytes:core/reg(j(2:0).sva(1:0))             SubBytes:core/state:rsc.zout 1.2351 18.7649 
                                                                                                                                                                   
      Instance                                                          Component                                                                   Delta  Delay   
      --------                                                          ---------                                                                   -----  -----   
      SubBytes:core/reg(j(2:0).sva(1:0))                                mgc_reg_pos_2_0_0_1_0_1_1_1                                                 0.1060 0.1060  
      SubBytes:core/j(2:0).sva(1:0)                                                                                                                 0.0000 0.1060  
      SubBytes:core/for:for:conc#34                                                                                                                 0.0000 0.1060  
      SubBytes:core/for:for:conc#34.itm                                                                                                             0.0000 0.1060  
      SubBytes:core/for:for:mux#16                                      mgc_mux_8_4_16_5                                                            0.3120 0.4180  
      SubBytes:core/for:for:mux#16.itm                                                                                                              0.0000 0.4180  
      SubBytes:core/U:ROM_1i8_1o8_ec965ae3708891513d2041cf4eab49d42f.rg ROM_1i8_1o8_6cd8ed6ecb89da3c4ea51c9925c1afffbc                              0.7030 1.1210  
      SubBytes:core/ROM_1i8_1o8_ec965ae3708891513d2041cf4eab49d42f#1                                                                                0.0000 1.1210  
      SubBytes:core/for:for:mux#9                                       mgc_mux_8_1_2_1                                                             0.1141 1.2351  
      SubBytes:core/for:for:mux#9.itm                                                                                                               0.0000 1.2351  
      SubBytes:core/for:for:conc#35                                                                                                                 0.0000 1.2351  
      SubBytes:core/for:for:conc#35.itm                                                                                                             0.0000 1.2351  
      SubBytes:core/state:rsci                                          mgc_inout_prereg_en_v1_1_128(dout=>zout)                                    0.0000 1.2351  
      SubBytes:core/state:rsc.zout                                                                                                                  0.0000 1.2351  
                                                                                                                                                                   
    6                                                                   SubBytes:core/reg(j(2:0).sva(1:0))             SubBytes:core/state:rsc.zout 1.2351 18.7649 
                                                                                                                                                                   
      Instance                                                          Component                                                                   Delta  Delay   
      --------                                                          ---------                                                                   -----  -----   
      SubBytes:core/reg(j(2:0).sva(1:0))                                mgc_reg_pos_2_0_0_1_0_1_1_1                                                 0.1060 0.1060  
      SubBytes:core/j(2:0).sva(1:0)                                                                                                                 0.0000 0.1060  
      SubBytes:core/for:for:conc#34                                                                                                                 0.0000 0.1060  
      SubBytes:core/for:for:conc#34.itm                                                                                                             0.0000 0.1060  
      SubBytes:core/for:for:mux#16                                      mgc_mux_8_4_16_5                                                            0.3120 0.4180  
      SubBytes:core/for:for:mux#16.itm                                                                                                              0.0000 0.4180  
      SubBytes:core/U:ROM_1i8_1o8_ec965ae3708891513d2041cf4eab49d42f.rg ROM_1i8_1o8_6cd8ed6ecb89da3c4ea51c9925c1afffbc                              0.7030 1.1210  
      SubBytes:core/ROM_1i8_1o8_ec965ae3708891513d2041cf4eab49d42f#1                                                                                0.0000 1.1210  
      SubBytes:core/for:for:mux#13                                      mgc_mux_8_1_2_1                                                             0.1141 1.2351  
      SubBytes:core/for:for:mux#13.itm                                                                                                              0.0000 1.2351  
      SubBytes:core/for:for:conc#35                                                                                                                 0.0000 1.2351  
      SubBytes:core/for:for:conc#35.itm                                                                                                             0.0000 1.2351  
      SubBytes:core/state:rsci                                          mgc_inout_prereg_en_v1_1_128(dout=>zout)                                    0.0000 1.2351  
      SubBytes:core/state:rsc.zout                                                                                                                  0.0000 1.2351  
                                                                                                                                                                   
    7                                                                   SubBytes:core/reg(j(2:0).sva(1:0))             SubBytes:core/state:rsc.zout 1.2351 18.7649 
                                                                                                                                                                   
      Instance                                                          Component                                                                   Delta  Delay   
      --------                                                          ---------                                                                   -----  -----   
      SubBytes:core/reg(j(2:0).sva(1:0))                                mgc_reg_pos_2_0_0_1_0_1_1_1                                                 0.1060 0.1060  
      SubBytes:core/j(2:0).sva(1:0)                                                                                                                 0.0000 0.1060  
      SubBytes:core/for:for:conc#34                                                                                                                 0.0000 0.1060  
      SubBytes:core/for:for:conc#34.itm                                                                                                             0.0000 0.1060  
      SubBytes:core/for:for:mux#16                                      mgc_mux_8_4_16_5                                                            0.3120 0.4180  
      SubBytes:core/for:for:mux#16.itm                                                                                                              0.0000 0.4180  
      SubBytes:core/U:ROM_1i8_1o8_ec965ae3708891513d2041cf4eab49d42f.rg ROM_1i8_1o8_6cd8ed6ecb89da3c4ea51c9925c1afffbc                              0.7030 1.1210  
      SubBytes:core/ROM_1i8_1o8_ec965ae3708891513d2041cf4eab49d42f#1                                                                                0.0000 1.1210  
      SubBytes:core/for:for:mux#11                                      mgc_mux_8_1_2_1                                                             0.1141 1.2351  
      SubBytes:core/for:for:mux#11.itm                                                                                                              0.0000 1.2351  
      SubBytes:core/for:for:conc#35                                                                                                                 0.0000 1.2351  
      SubBytes:core/for:for:conc#35.itm                                                                                                             0.0000 1.2351  
      SubBytes:core/state:rsci                                          mgc_inout_prereg_en_v1_1_128(dout=>zout)                                    0.0000 1.2351  
      SubBytes:core/state:rsc.zout                                                                                                                  0.0000 1.2351  
                                                                                                                                                                   
    8                                                                   SubBytes:core/reg(j(2:0).sva(1:0))             SubBytes:core/state:rsc.zout 1.2351 18.7649 
                                                                                                                                                                   
      Instance                                                          Component                                                                   Delta  Delay   
      --------                                                          ---------                                                                   -----  -----   
      SubBytes:core/reg(j(2:0).sva(1:0))                                mgc_reg_pos_2_0_0_1_0_1_1_1                                                 0.1060 0.1060  
      SubBytes:core/j(2:0).sva(1:0)                                                                                                                 0.0000 0.1060  
      SubBytes:core/for:for:conc#34                                                                                                                 0.0000 0.1060  
      SubBytes:core/for:for:conc#34.itm                                                                                                             0.0000 0.1060  
      SubBytes:core/for:for:mux#16                                      mgc_mux_8_4_16_5                                                            0.3120 0.4180  
      SubBytes:core/for:for:mux#16.itm                                                                                                              0.0000 0.4180  
      SubBytes:core/U:ROM_1i8_1o8_ec965ae3708891513d2041cf4eab49d42f.rg ROM_1i8_1o8_6cd8ed6ecb89da3c4ea51c9925c1afffbc                              0.7030 1.1210  
      SubBytes:core/ROM_1i8_1o8_ec965ae3708891513d2041cf4eab49d42f#1                                                                                0.0000 1.1210  
      SubBytes:core/for:for:mux#2                                       mgc_mux_8_1_2_1                                                             0.1141 1.2351  
      SubBytes:core/for:for:mux#2.itm                                                                                                               0.0000 1.2351  
      SubBytes:core/for:for:conc#35                                                                                                                 0.0000 1.2351  
      SubBytes:core/for:for:conc#35.itm                                                                                                             0.0000 1.2351  
      SubBytes:core/state:rsci                                          mgc_inout_prereg_en_v1_1_128(dout=>zout)                                    0.0000 1.2351  
      SubBytes:core/state:rsc.zout                                                                                                                  0.0000 1.2351  
                                                                                                                                                                   
    9                                                                   SubBytes:core/reg(j(2:0).sva(1:0))             SubBytes:core/state:rsc.zout 1.2351 18.7649 
                                                                                                                                                                   
      Instance                                                          Component                                                                   Delta  Delay   
      --------                                                          ---------                                                                   -----  -----   
      SubBytes:core/reg(j(2:0).sva(1:0))                                mgc_reg_pos_2_0_0_1_0_1_1_1                                                 0.1060 0.1060  
      SubBytes:core/j(2:0).sva(1:0)                                                                                                                 0.0000 0.1060  
      SubBytes:core/for:for:conc#34                                                                                                                 0.0000 0.1060  
      SubBytes:core/for:for:conc#34.itm                                                                                                             0.0000 0.1060  
      SubBytes:core/for:for:mux#16                                      mgc_mux_8_4_16_5                                                            0.3120 0.4180  
      SubBytes:core/for:for:mux#16.itm                                                                                                              0.0000 0.4180  
      SubBytes:core/U:ROM_1i8_1o8_ec965ae3708891513d2041cf4eab49d42f.rg ROM_1i8_1o8_6cd8ed6ecb89da3c4ea51c9925c1afffbc                              0.7030 1.1210  
      SubBytes:core/ROM_1i8_1o8_ec965ae3708891513d2041cf4eab49d42f#1                                                                                0.0000 1.1210  
      SubBytes:core/for:for:mux#10                                      mgc_mux_8_1_2_1                                                             0.1141 1.2351  
      SubBytes:core/for:for:mux#10.itm                                                                                                              0.0000 1.2351  
      SubBytes:core/for:for:conc#35                                                                                                                 0.0000 1.2351  
      SubBytes:core/for:for:conc#35.itm                                                                                                             0.0000 1.2351  
      SubBytes:core/state:rsci                                          mgc_inout_prereg_en_v1_1_128(dout=>zout)                                    0.0000 1.2351  
      SubBytes:core/state:rsc.zout                                                                                                                  0.0000 1.2351  
                                                                                                                                                                   
    10                                                                  SubBytes:core/reg(i(2:0).sva(1:0))             SubBytes:core/state:rsc.zout 1.2351 18.7649 
                                                                                                                                                                   
      Instance                                                          Component                                                                   Delta  Delay   
      --------                                                          ---------                                                                   -----  -----   
      SubBytes:core/reg(i(2:0).sva(1:0))                                mgc_reg_pos_2_0_0_1_0_1_1_1                                                 0.1060 0.1060  
      SubBytes:core/i(2:0).sva(1:0)                                                                                                                 0.0000 0.1060  
      SubBytes:core/for:for:conc#34                                                                                                                 0.0000 0.1060  
      SubBytes:core/for:for:conc#34.itm                                                                                                             0.0000 0.1060  
      SubBytes:core/for:for:mux#16                                      mgc_mux_8_4_16_5                                                            0.3120 0.4180  
      SubBytes:core/for:for:mux#16.itm                                                                                                              0.0000 0.4180  
      SubBytes:core/U:ROM_1i8_1o8_ec965ae3708891513d2041cf4eab49d42f.rg ROM_1i8_1o8_6cd8ed6ecb89da3c4ea51c9925c1afffbc                              0.7030 1.1210  
      SubBytes:core/ROM_1i8_1o8_ec965ae3708891513d2041cf4eab49d42f#1                                                                                0.0000 1.1210  
      SubBytes:core/for:for:mux#10                                      mgc_mux_8_1_2_1                                                             0.1141 1.2351  
      SubBytes:core/for:for:mux#10.itm                                                                                                              0.0000 1.2351  
      SubBytes:core/for:for:conc#35                                                                                                                 0.0000 1.2351  
      SubBytes:core/for:for:conc#35.itm                                                                                                             0.0000 1.2351  
      SubBytes:core/state:rsci                                          mgc_inout_prereg_en_v1_1_128(dout=>zout)                                    0.0000 1.2351  
      SubBytes:core/state:rsc.zout                                                                                                                  0.0000 1.2351  
                                                                                                                                                                   
    
  Register Input and Register-to-Output Slack
    Clock period or pin-to-reg delay constraint (clk): 20.0
    Clock uncertainty constraint (clk)               : 0.0
    
    Instance                               Port              Slack (Delay) Messages 
    -------------------------------------- --------------- ------- ------- --------
    SubBytes:core/reg(i(2:0).sva(1:0))     for:for:and.itm 19.5434  0.4566          
    SubBytes:core/reg(j(2:0).sva(1:0))     j:j:j:and.itm   19.5434  0.4566          
    SubBytes:core/reg(state.triosy:obj.ld) and#16.itm      19.5434  0.4566          
    SubBytes                               state:rsc.zout  18.7649  1.2351          
    SubBytes                               state:rsc.lzout 20.0000  0.0000          
    SubBytes                               state.triosy.lz 19.8940  0.1060          
    
Operator Bitwidth Summary
  Operation                                      Size (bits) Count 
  ---------------------------------------------- ----------- -----
  ROM_1i8_1o8_ec965ae3708891513d2041cf4eab49d42f                   
  -                                                        8     1 
  add                                                              
  -                                                        3     1 
  and                                                              
  -                                                        2     2 
  -                                                        1    16 
  mux                                                              
  -                                                        8    17 
  -                                                        2     1 
  nand                                                             
  -                                                        1     2 
  nor                                                              
  -                                                        1    11 
  not                                                              
  -                                                        1    10 
  or                                                               
  -                                                        1    23 
  read_port                                                        
  -                                                      128     1 
  read_sync                                                        
  -                                                        0     1 
  reg                                                              
  -                                                        2     2 
  -                                                        1     1 
  
End of Report
