-- Catapult Ultra Synthesis: Report                                              
-- ------------------------- ---------------------------------------------------
-- Version:                  2023.1_2/1049935 Production Release                 
-- Build Date:               Sat Jun 10 10:53:51 PDT 2023                        
                                                                                 
-- Generated by:             lc4976@hansolo.poly.edu                             
-- Generated date:           Tue Apr 09 23:24:51 EDT 2024                        

Solution Settings: MixColumns.v1
  Current state: extract
  Project: Catapult_12

Design Input Files Specified
  $PROJECT_HOME/temp_dut.c

Processes/Blocks in Design
  Process          Real Operation(s) count Latency Throughput Reset Length II Comments 
  ---------------- ----------------------- ------- ---------- ------------ -- --------
  /MixColumns/core                     225       6         10            0  0          
  Design Total:                        225       6         10            0  0          
  
Bill Of Materials (Datapath)
  Component Name                 Area Score Area(Combinational) AreaSeq Delay Post Alloc Post Assign 
  ------------------------------ ---------- ------------------- ------- ----- ---------- -----------
  [Lib: mgc_ioport]                                                                                  
  mgc_inout_prereg_en(1,128)          0.000               0.000   0.000 0.000          1           1 
  mgc_io_sync(0)                      0.000               0.000   0.000 0.000          1           1 
  [Lib: nangate-45nm_beh]                                                                            
  mgc_add(2,0,1,0,3,7)                6.916               0.000   0.000 0.186          0           1 
  mgc_add(2,0,2,1,3,7)               10.040               0.000   0.000 0.237          1           0 
  mgc_and(1,2,4)                      1.064               0.000   0.000 0.077          0           1 
  mgc_and(2,2,4)                      2.128               0.012   0.000 0.077          0           1 
  mgc_mux(1,1,2,5)                    1.862               0.000   0.000 0.085        128         128 
  mgc_mux(8,2,4,5)                   31.920              36.262   0.000 0.165          4           4 
  mgc_nand(1,2,4)                     0.798               0.000   0.000 0.061          0           1 
  mgc_nor(1,2,2)                      0.798               0.000   0.000 0.097          0           1 
  mgc_not(1,1)                        0.532               0.532   0.000 0.039          0           3 
  mgc_or(1,2,2)                       1.064               0.616   0.000 0.078          0           3 
  mgc_reg_pos(1,0,0,1,0,0,0,1)        6.384               1.862   4.522 0.106          0           1 
  mgc_reg_pos(2,0,0,1,0,1,1,1)       12.768               3.724   9.044 0.106          0           1 
  mgc_xor(1,3,1)                      3.192               6.090   0.000 0.140          0           6 
  mgc_xor(1,4,1)                      4.788               8.412   0.000 0.144          0          32 
  mgc_xor(8,4,3)                     38.304              42.144   0.000 0.115          1           1 
                                                                                                     
  TOTAL AREA (After Assignment):    612.332             502.000  14.000                              
  
Area Scores
                    Post-Scheduling  Post-DP & FSM Post-Assignment 
  ----------------- --------------- -------------- ---------------
  Total Area Score:   1250.7          402.8           635.9        
  Total Reg:           836.3  (67%)    40.2  (10%)     40.2   (6%) 
                                                                   
  DataPath:           1250.7 (100%)   379.8  (94%)    612.3  (96%) 
    MUX:               366.0  (29%)   129.9  (34%)    366.0  (60%) 
    FUNC:               10.0   (1%)    10.0   (3%)      6.9   (1%) 
    LOGIC:              38.3   (3%)   220.8  (58%)    220.2  (36%) 
    BUFFER:              0.0            0.0             0.0        
    MEM:                 0.0            0.0             0.0        
    ROM:                 0.0            0.0             0.0        
    REG:               836.3  (67%)    19.2   (5%)     19.2   (3%) 
                                                                   
  
  FSM:                   0.0           23.0   (6%)     23.5   (4%) 
    FSM-REG:             0.0           21.0  (91%)     21.0  (89%) 
    FSM-COMB:            0.0            2.0   (9%)      2.5  (11%) 
                                                                   
  
  
  (MUX = multiplexers; FUNC = datapath logic (e.g. add/mult); LOGIC = control logic)

Register-to-Variable Mappings
  Register            Size(bits) Gated Register CG Opt Done Variables                                             
  ------------------- ---------- -------------- ----------- -----------------------------------------------------
  i(2:0).sva(1:0)              2         Y           Y      i(2:0).sva(1:0)                                       
  state.triosy:obj.ld          1                            state.triosy:obj.ld                                   
                                                                                                                  
  Total:                       3              2           2 (Total Gating Ratio: 0.67, CG Opt Gating Ratio: 0.67) 
  
Timing Report
  Critical Path
    Max Delay:  0.755283
    Slack:      19.244717
    
    Path                                                  Startpoint                               Endpoint                  Delay  Slack   
    ----------------------------------------------------- ---------------------------------------- ------------------------- ------ -------
    1                                                     MixColumns:core/reg(i(2:0).sva(1:0))     MixColumns/state:rsc.zout 0.7553 19.2447 
                                                                                                                                            
      Instance                                            Component                                                          Delta  Delay   
      --------                                            ---------                                                          -----  -----   
      MixColumns:core/reg(i(2:0).sva(1:0))                mgc_reg_pos_2_0_0_1_0_1_1_1                                        0.1060 0.1060  
      MixColumns:core/i(2:0).sva(1:0)                                                                                        0.0000 0.1060  
      MixColumns:core/for:mux#129                         mgc_mux_8_2_4_5                                                    0.1651 0.2711  
      MixColumns:core/t.sva#1                                                                                                0.0000 0.2711  
      MixColumns:core/for:xor                             mgc_xor_8_4_3                                                      0.1147 0.3858  
      MixColumns:core/Tmp.sva#1                                                                                              0.0000 0.3858  
      MixColumns:core/Tmp:slc(Tmp.sva#1)(1)#1                                                                                0.0000 0.3858  
      MixColumns:core/Tmp:slc(Tmp.sva#1)(1)#1.itm                                                                            0.0000 0.3858  
      MixColumns:core/xor                                 mgc_xor_1_3_1                                                      0.1400 0.5258  
      MixColumns:core/xor_cse                                                                                                0.0000 0.5258  
      MixColumns:core/for:xor#34                          mgc_xor_1_4_1                                                      0.1441 0.6699  
      MixColumns:core/for:conc#32.cmx(1).sva#1                                                                               0.0000 0.6699  
      MixColumns:core/for:mux#1                           mgc_mux_1_1_2_5                                                    0.0854 0.7553  
      MixColumns:core/for:mux#1.itm                                                                                          0.0000 0.7553  
      MixColumns:core/for:conc#169                                                                                           0.0000 0.7553  
      MixColumns:core/for:conc#169.itm                                                                                       0.0000 0.7553  
      MixColumns:core/state:rsci                          mgc_inout_prereg_en_v1_1_128(dout=>zout)                           0.0000 0.7553  
      MixColumns:core/state:rsc.zout                                                                                         0.0000 0.7553  
      MixColumns/state:rsc.zout                                                                                              0.0000 0.7553  
                                                                                                                                            
    2                                                     MixColumns:core/reg(i(2:0).sva(1:0))     MixColumns/state:rsc.zout 0.7553 19.2447 
                                                                                                                                            
      Instance                                            Component                                                          Delta  Delay   
      --------                                            ---------                                                          -----  -----   
      MixColumns:core/reg(i(2:0).sva(1:0))                mgc_reg_pos_2_0_0_1_0_1_1_1                                        0.1060 0.1060  
      MixColumns:core/i(2:0).sva(1:0)                                                                                        0.0000 0.1060  
      MixColumns:core/for:mux#129                         mgc_mux_8_2_4_5                                                    0.1651 0.2711  
      MixColumns:core/t.sva#1                                                                                                0.0000 0.2711  
      MixColumns:core/for:xor                             mgc_xor_8_4_3                                                      0.1147 0.3858  
      MixColumns:core/Tmp.sva#1                                                                                              0.0000 0.3858  
      MixColumns:core/Tmp:slc(Tmp.sva#1)(1)#1                                                                                0.0000 0.3858  
      MixColumns:core/Tmp:slc(Tmp.sva#1)(1)#1.itm                                                                            0.0000 0.3858  
      MixColumns:core/xor                                 mgc_xor_1_3_1                                                      0.1400 0.5258  
      MixColumns:core/xor_cse                                                                                                0.0000 0.5258  
      MixColumns:core/for:xor#34                          mgc_xor_1_4_1                                                      0.1441 0.6699  
      MixColumns:core/for:conc#32.cmx(1).sva#1                                                                               0.0000 0.6699  
      MixColumns:core/for:mux#97                          mgc_mux_1_1_2_5                                                    0.0854 0.7553  
      MixColumns:core/for:mux#97.itm                                                                                         0.0000 0.7553  
      MixColumns:core/for:conc#169                                                                                           0.0000 0.7553  
      MixColumns:core/for:conc#169.itm                                                                                       0.0000 0.7553  
      MixColumns:core/state:rsci                          mgc_inout_prereg_en_v1_1_128(dout=>zout)                           0.0000 0.7553  
      MixColumns:core/state:rsc.zout                                                                                         0.0000 0.7553  
      MixColumns/state:rsc.zout                                                                                              0.0000 0.7553  
                                                                                                                                            
    3                                                     MixColumns:core/reg(i(2:0).sva(1:0))     MixColumns/state:rsc.zout 0.7553 19.2447 
                                                                                                                                            
      Instance                                            Component                                                          Delta  Delay   
      --------                                            ---------                                                          -----  -----   
      MixColumns:core/reg(i(2:0).sva(1:0))                mgc_reg_pos_2_0_0_1_0_1_1_1                                        0.1060 0.1060  
      MixColumns:core/i(2:0).sva(1:0)                                                                                        0.0000 0.1060  
      MixColumns:core/for:mux#130                         mgc_mux_8_2_4_5                                                    0.1651 0.2711  
      MixColumns:core/for:slc(state,*8)(7-0)#3.ncse.sva#1                                                                    0.0000 0.2711  
      MixColumns:core/for:xor                             mgc_xor_8_4_3                                                      0.1147 0.3858  
      MixColumns:core/Tmp.sva#1                                                                                              0.0000 0.3858  
      MixColumns:core/Tmp:slc(Tmp.sva#1)(1)#1                                                                                0.0000 0.3858  
      MixColumns:core/Tmp:slc(Tmp.sva#1)(1)#1.itm                                                                            0.0000 0.3858  
      MixColumns:core/xor                                 mgc_xor_1_3_1                                                      0.1400 0.5258  
      MixColumns:core/xor_cse                                                                                                0.0000 0.5258  
      MixColumns:core/for:xor#34                          mgc_xor_1_4_1                                                      0.1441 0.6699  
      MixColumns:core/for:conc#32.cmx(1).sva#1                                                                               0.0000 0.6699  
      MixColumns:core/for:mux#97                          mgc_mux_1_1_2_5                                                    0.0854 0.7553  
      MixColumns:core/for:mux#97.itm                                                                                         0.0000 0.7553  
      MixColumns:core/for:conc#169                                                                                           0.0000 0.7553  
      MixColumns:core/for:conc#169.itm                                                                                       0.0000 0.7553  
      MixColumns:core/state:rsci                          mgc_inout_prereg_en_v1_1_128(dout=>zout)                           0.0000 0.7553  
      MixColumns:core/state:rsc.zout                                                                                         0.0000 0.7553  
      MixColumns/state:rsc.zout                                                                                              0.0000 0.7553  
                                                                                                                                            
    4                                                     MixColumns:core/reg(i(2:0).sva(1:0))     MixColumns/state:rsc.zout 0.7553 19.2447 
                                                                                                                                            
      Instance                                            Component                                                          Delta  Delay   
      --------                                            ---------                                                          -----  -----   
      MixColumns:core/reg(i(2:0).sva(1:0))                mgc_reg_pos_2_0_0_1_0_1_1_1                                        0.1060 0.1060  
      MixColumns:core/i(2:0).sva(1:0)                                                                                        0.0000 0.1060  
      MixColumns:core/for:mux#129                         mgc_mux_8_2_4_5                                                    0.1651 0.2711  
      MixColumns:core/t.sva#1                                                                                                0.0000 0.2711  
      MixColumns:core/for:xor                             mgc_xor_8_4_3                                                      0.1147 0.3858  
      MixColumns:core/Tmp.sva#1                                                                                              0.0000 0.3858  
      MixColumns:core/Tmp:slc(Tmp.sva#1)(1)                                                                                  0.0000 0.3858  
      MixColumns:core/Tmp:slc(Tmp.sva#1)(1).itm                                                                              0.0000 0.3858  
      MixColumns:core/xor#3                               mgc_xor_1_3_1                                                      0.1400 0.5258  
      MixColumns:core/xor_cse#3                                                                                              0.0000 0.5258  
      MixColumns:core/for:xor#42                          mgc_xor_1_4_1                                                      0.1441 0.6699  
      MixColumns:core/for:conc#33.cmx(1).sva#1                                                                               0.0000 0.6699  
      MixColumns:core/for:mux#41                          mgc_mux_1_1_2_5                                                    0.0854 0.7553  
      MixColumns:core/for:mux#41.itm                                                                                         0.0000 0.7553  
      MixColumns:core/for:conc#169                                                                                           0.0000 0.7553  
      MixColumns:core/for:conc#169.itm                                                                                       0.0000 0.7553  
      MixColumns:core/state:rsci                          mgc_inout_prereg_en_v1_1_128(dout=>zout)                           0.0000 0.7553  
      MixColumns:core/state:rsc.zout                                                                                         0.0000 0.7553  
      MixColumns/state:rsc.zout                                                                                              0.0000 0.7553  
                                                                                                                                            
    5                                                     MixColumns:core/reg(i(2:0).sva(1:0))     MixColumns/state:rsc.zout 0.7553 19.2447 
                                                                                                                                            
      Instance                                            Component                                                          Delta  Delay   
      --------                                            ---------                                                          -----  -----   
      MixColumns:core/reg(i(2:0).sva(1:0))                mgc_reg_pos_2_0_0_1_0_1_1_1                                        0.1060 0.1060  
      MixColumns:core/i(2:0).sva(1:0)                                                                                        0.0000 0.1060  
      MixColumns:core/for:mux#129                         mgc_mux_8_2_4_5                                                    0.1651 0.2711  
      MixColumns:core/t.sva#1                                                                                                0.0000 0.2711  
      MixColumns:core/for:xor                             mgc_xor_8_4_3                                                      0.1147 0.3858  
      MixColumns:core/Tmp.sva#1                                                                                              0.0000 0.3858  
      MixColumns:core/Tmp:slc(Tmp.sva#1)(1)#1                                                                                0.0000 0.3858  
      MixColumns:core/Tmp:slc(Tmp.sva#1)(1)#1.itm                                                                            0.0000 0.3858  
      MixColumns:core/xor                                 mgc_xor_1_3_1                                                      0.1400 0.5258  
      MixColumns:core/xor_cse                                                                                                0.0000 0.5258  
      MixColumns:core/for:xor#34                          mgc_xor_1_4_1                                                      0.1441 0.6699  
      MixColumns:core/for:conc#32.cmx(1).sva#1                                                                               0.0000 0.6699  
      MixColumns:core/for:mux#65                          mgc_mux_1_1_2_5                                                    0.0854 0.7553  
      MixColumns:core/for:mux#65.itm                                                                                         0.0000 0.7553  
      MixColumns:core/for:conc#169                                                                                           0.0000 0.7553  
      MixColumns:core/for:conc#169.itm                                                                                       0.0000 0.7553  
      MixColumns:core/state:rsci                          mgc_inout_prereg_en_v1_1_128(dout=>zout)                           0.0000 0.7553  
      MixColumns:core/state:rsc.zout                                                                                         0.0000 0.7553  
      MixColumns/state:rsc.zout                                                                                              0.0000 0.7553  
                                                                                                                                            
    6                                                     MixColumns:core/reg(i(2:0).sva(1:0))     MixColumns/state:rsc.zout 0.7553 19.2447 
                                                                                                                                            
      Instance                                            Component                                                          Delta  Delay   
      --------                                            ---------                                                          -----  -----   
      MixColumns:core/reg(i(2:0).sva(1:0))                mgc_reg_pos_2_0_0_1_0_1_1_1                                        0.1060 0.1060  
      MixColumns:core/i(2:0).sva(1:0)                                                                                        0.0000 0.1060  
      MixColumns:core/for:mux#129                         mgc_mux_8_2_4_5                                                    0.1651 0.2711  
      MixColumns:core/t.sva#1                                                                                                0.0000 0.2711  
      MixColumns:core/for:xor                             mgc_xor_8_4_3                                                      0.1147 0.3858  
      MixColumns:core/Tmp.sva#1                                                                                              0.0000 0.3858  
      MixColumns:core/Tmp:slc(Tmp.sva#1)(1)                                                                                  0.0000 0.3858  
      MixColumns:core/Tmp:slc(Tmp.sva#1)(1).itm                                                                              0.0000 0.3858  
      MixColumns:core/xor#3                               mgc_xor_1_3_1                                                      0.1400 0.5258  
      MixColumns:core/xor_cse#3                                                                                              0.0000 0.5258  
      MixColumns:core/for:xor#47                          mgc_xor_1_4_1                                                      0.1441 0.6699  
      MixColumns:core/for:conc#34.cmx(1).sva#1                                                                               0.0000 0.6699  
      MixColumns:core/for:mux#81                          mgc_mux_1_1_2_5                                                    0.0854 0.7553  
      MixColumns:core/for:mux#81.itm                                                                                         0.0000 0.7553  
      MixColumns:core/for:conc#169                                                                                           0.0000 0.7553  
      MixColumns:core/for:conc#169.itm                                                                                       0.0000 0.7553  
      MixColumns:core/state:rsci                          mgc_inout_prereg_en_v1_1_128(dout=>zout)                           0.0000 0.7553  
      MixColumns:core/state:rsc.zout                                                                                         0.0000 0.7553  
      MixColumns/state:rsc.zout                                                                                              0.0000 0.7553  
                                                                                                                                            
    7                                                     MixColumns:core/reg(i(2:0).sva(1:0))     MixColumns/state:rsc.zout 0.7553 19.2447 
                                                                                                                                            
      Instance                                            Component                                                          Delta  Delay   
      --------                                            ---------                                                          -----  -----   
      MixColumns:core/reg(i(2:0).sva(1:0))                mgc_reg_pos_2_0_0_1_0_1_1_1                                        0.1060 0.1060  
      MixColumns:core/i(2:0).sva(1:0)                                                                                        0.0000 0.1060  
      MixColumns:core/for:mux#129                         mgc_mux_8_2_4_5                                                    0.1651 0.2711  
      MixColumns:core/t.sva#1                                                                                                0.0000 0.2711  
      MixColumns:core/for:xor                             mgc_xor_8_4_3                                                      0.1147 0.3858  
      MixColumns:core/Tmp.sva#1                                                                                              0.0000 0.3858  
      MixColumns:core/Tmp:slc(Tmp.sva#1)(1)#1                                                                                0.0000 0.3858  
      MixColumns:core/Tmp:slc(Tmp.sva#1)(1)#1.itm                                                                            0.0000 0.3858  
      MixColumns:core/xor                                 mgc_xor_1_3_1                                                      0.1400 0.5258  
      MixColumns:core/xor_cse                                                                                                0.0000 0.5258  
      MixColumns:core/for:xor#39                          mgc_xor_1_4_1                                                      0.1441 0.6699  
      MixColumns:core/for:conc#35.cmx(1).sva#1                                                                               0.0000 0.6699  
      MixColumns:core/for:mux#121                         mgc_mux_1_1_2_5                                                    0.0854 0.7553  
      MixColumns:core/for:mux#121.itm                                                                                        0.0000 0.7553  
      MixColumns:core/for:conc#169                                                                                           0.0000 0.7553  
      MixColumns:core/for:conc#169.itm                                                                                       0.0000 0.7553  
      MixColumns:core/state:rsci                          mgc_inout_prereg_en_v1_1_128(dout=>zout)                           0.0000 0.7553  
      MixColumns:core/state:rsc.zout                                                                                         0.0000 0.7553  
      MixColumns/state:rsc.zout                                                                                              0.0000 0.7553  
                                                                                                                                            
    8                                                     MixColumns:core/reg(i(2:0).sva(1:0))     MixColumns/state:rsc.zout 0.7553 19.2447 
                                                                                                                                            
      Instance                                            Component                                                          Delta  Delay   
      --------                                            ---------                                                          -----  -----   
      MixColumns:core/reg(i(2:0).sva(1:0))                mgc_reg_pos_2_0_0_1_0_1_1_1                                        0.1060 0.1060  
      MixColumns:core/i(2:0).sva(1:0)                                                                                        0.0000 0.1060  
      MixColumns:core/for:mux#129                         mgc_mux_8_2_4_5                                                    0.1651 0.2711  
      MixColumns:core/t.sva#1                                                                                                0.0000 0.2711  
      MixColumns:core/for:xor                             mgc_xor_8_4_3                                                      0.1147 0.3858  
      MixColumns:core/Tmp.sva#1                                                                                              0.0000 0.3858  
      MixColumns:core/Tmp:slc(Tmp.sva#1)(1)                                                                                  0.0000 0.3858  
      MixColumns:core/Tmp:slc(Tmp.sva#1)(1).itm                                                                              0.0000 0.3858  
      MixColumns:core/xor#3                               mgc_xor_1_3_1                                                      0.1400 0.5258  
      MixColumns:core/xor_cse#3                                                                                              0.0000 0.5258  
      MixColumns:core/for:xor#47                          mgc_xor_1_4_1                                                      0.1441 0.6699  
      MixColumns:core/for:conc#34.cmx(1).sva#1                                                                               0.0000 0.6699  
      MixColumns:core/for:mux#17                          mgc_mux_1_1_2_5                                                    0.0854 0.7553  
      MixColumns:core/for:mux#17.itm                                                                                         0.0000 0.7553  
      MixColumns:core/for:conc#169                                                                                           0.0000 0.7553  
      MixColumns:core/for:conc#169.itm                                                                                       0.0000 0.7553  
      MixColumns:core/state:rsci                          mgc_inout_prereg_en_v1_1_128(dout=>zout)                           0.0000 0.7553  
      MixColumns:core/state:rsc.zout                                                                                         0.0000 0.7553  
      MixColumns/state:rsc.zout                                                                                              0.0000 0.7553  
                                                                                                                                            
    9                                                     MixColumns:core/reg(i(2:0).sva(1:0))     MixColumns/state:rsc.zout 0.7553 19.2447 
                                                                                                                                            
      Instance                                            Component                                                          Delta  Delay   
      --------                                            ---------                                                          -----  -----   
      MixColumns:core/reg(i(2:0).sva(1:0))                mgc_reg_pos_2_0_0_1_0_1_1_1                                        0.1060 0.1060  
      MixColumns:core/i(2:0).sva(1:0)                                                                                        0.0000 0.1060  
      MixColumns:core/for:mux#129                         mgc_mux_8_2_4_5                                                    0.1651 0.2711  
      MixColumns:core/t.sva#1                                                                                                0.0000 0.2711  
      MixColumns:core/for:xor                             mgc_xor_8_4_3                                                      0.1147 0.3858  
      MixColumns:core/Tmp.sva#1                                                                                              0.0000 0.3858  
      MixColumns:core/Tmp:slc(Tmp.sva#1)(1)#1                                                                                0.0000 0.3858  
      MixColumns:core/Tmp:slc(Tmp.sva#1)(1)#1.itm                                                                            0.0000 0.3858  
      MixColumns:core/xor                                 mgc_xor_1_3_1                                                      0.1400 0.5258  
      MixColumns:core/xor_cse                                                                                                0.0000 0.5258  
      MixColumns:core/for:xor#39                          mgc_xor_1_4_1                                                      0.1441 0.6699  
      MixColumns:core/for:conc#35.cmx(1).sva#1                                                                               0.0000 0.6699  
      MixColumns:core/for:mux#25                          mgc_mux_1_1_2_5                                                    0.0854 0.7553  
      MixColumns:core/for:mux#25.itm                                                                                         0.0000 0.7553  
      MixColumns:core/for:conc#169                                                                                           0.0000 0.7553  
      MixColumns:core/for:conc#169.itm                                                                                       0.0000 0.7553  
      MixColumns:core/state:rsci                          mgc_inout_prereg_en_v1_1_128(dout=>zout)                           0.0000 0.7553  
      MixColumns:core/state:rsc.zout                                                                                         0.0000 0.7553  
      MixColumns/state:rsc.zout                                                                                              0.0000 0.7553  
                                                                                                                                            
    10                                                    MixColumns:core/reg(i(2:0).sva(1:0))     MixColumns/state:rsc.zout 0.7553 19.2447 
                                                                                                                                            
      Instance                                            Component                                                          Delta  Delay   
      --------                                            ---------                                                          -----  -----   
      MixColumns:core/reg(i(2:0).sva(1:0))                mgc_reg_pos_2_0_0_1_0_1_1_1                                        0.1060 0.1060  
      MixColumns:core/i(2:0).sva(1:0)                                                                                        0.0000 0.1060  
      MixColumns:core/for:mux#129                         mgc_mux_8_2_4_5                                                    0.1651 0.2711  
      MixColumns:core/t.sva#1                                                                                                0.0000 0.2711  
      MixColumns:core/for:xor                             mgc_xor_8_4_3                                                      0.1147 0.3858  
      MixColumns:core/Tmp.sva#1                                                                                              0.0000 0.3858  
      MixColumns:core/Tmp:slc(Tmp.sva#1)(1)#1                                                                                0.0000 0.3858  
      MixColumns:core/Tmp:slc(Tmp.sva#1)(1)#1.itm                                                                            0.0000 0.3858  
      MixColumns:core/xor                                 mgc_xor_1_3_1                                                      0.1400 0.5258  
      MixColumns:core/xor_cse                                                                                                0.0000 0.5258  
      MixColumns:core/for:xor#39                          mgc_xor_1_4_1                                                      0.1441 0.6699  
      MixColumns:core/for:conc#35.cmx(1).sva#1                                                                               0.0000 0.6699  
      MixColumns:core/for:mux#89                          mgc_mux_1_1_2_5                                                    0.0854 0.7553  
      MixColumns:core/for:mux#89.itm                                                                                         0.0000 0.7553  
      MixColumns:core/for:conc#169                                                                                           0.0000 0.7553  
      MixColumns:core/for:conc#169.itm                                                                                       0.0000 0.7553  
      MixColumns:core/state:rsci                          mgc_inout_prereg_en_v1_1_128(dout=>zout)                           0.0000 0.7553  
      MixColumns:core/state:rsc.zout                                                                                         0.0000 0.7553  
      MixColumns/state:rsc.zout                                                                                              0.0000 0.7553  
                                                                                                                                            
    
  Register Input and Register-to-Output Slack
    Clock period or pin-to-reg delay constraint (clk): 20.0
    Clock uncertainty constraint (clk)               : 0.0
    
    Instance                                 Port              Slack (Delay) Messages 
    ---------------------------------------- --------------- ------- ------- --------
    MixColumns:core/reg(i(2:0).sva(1:0))     for:for:and.itm 19.6310  0.3690          
    MixColumns:core/reg(state.triosy:obj.ld) and#8.itm       19.6310  0.3690          
    MixColumns                               state:rsc.zout  19.2447  0.7553          
    MixColumns                               state:rsc.lzout 20.0000  0.0000          
    MixColumns                               state.triosy.lz 19.8940  0.1060          
    
Operator Bitwidth Summary
  Operation Size (bits) Count 
  --------- ----------- -----
  add                         
  -                   3     1 
  and                         
  -                   2     1 
  -                   1     1 
  mux                         
  -                   8     4 
  -                   1   128 
  nand                        
  -                   1     1 
  nor                         
  -                   1     1 
  not                         
  -                   1     3 
  or                          
  -                   1     3 
  read_port                   
  -                 128     1 
  read_sync                   
  -                   0     1 
  reg                         
  -                   2     1 
  -                   1     1 
  xor                         
  -                   8     1 
  -                   1    38 
  
End of Report
